{"D:\\HCK72\\Phase3\\graded\\Final\\FinalProject-HackFit\\server\\app.js": {"path":"D:\\HCK72\\Phase3\\graded\\Final\\FinalProject-HackFit\\server\\app.js","statementMap":{"0":{"start":{"line":1,"column":0},"end":{"line":3,"column":1}},"1":{"start":{"line":2,"column":2},"end":{"line":2,"column":28}},"2":{"start":{"line":5,"column":16},"end":{"line":5,"column":34}},"3":{"start":{"line":6,"column":23},"end":{"line":6,"column":61}},"4":{"start":{"line":7,"column":23},"end":{"line":7,"column":61}},"5":{"start":{"line":8,"column":26},"end":{"line":8,"column":67}},"6":{"start":{"line":9,"column":26},"end":{"line":9,"column":67}},"7":{"start":{"line":10,"column":27},"end":{"line":10,"column":69}},"8":{"start":{"line":11,"column":13},"end":{"line":11,"column":36}},"9":{"start":{"line":13,"column":12},"end":{"line":13,"column":21}},"10":{"start":{"line":14,"column":13},"end":{"line":14,"column":17}},"11":{"start":{"line":18,"column":0},"end":{"line":18,"column":48}},"12":{"start":{"line":19,"column":0},"end":{"line":19,"column":23}},"13":{"start":{"line":21,"column":0},"end":{"line":23,"column":2}},"14":{"start":{"line":22,"column":2},"end":{"line":22,"column":36}},"15":{"start":{"line":25,"column":0},"end":{"line":25,"column":38}},"16":{"start":{"line":26,"column":0},"end":{"line":26,"column":49}},"17":{"start":{"line":28,"column":0},"end":{"line":28,"column":45}},"18":{"start":{"line":29,"column":0},"end":{"line":29,"column":50}},"19":{"start":{"line":30,"column":0},"end":{"line":30,"column":56}},"20":{"start":{"line":31,"column":0},"end":{"line":31,"column":39}},"21":{"start":{"line":32,"column":0},"end":{"line":32,"column":65}},"22":{"start":{"line":34,"column":0},"end":{"line":34,"column":65}},"23":{"start":{"line":35,"column":0},"end":{"line":35,"column":23}},"24":{"start":{"line":37,"column":0},"end":{"line":37,"column":49}},"25":{"start":{"line":38,"column":0},"end":{"line":38,"column":52}},"26":{"start":{"line":39,"column":0},"end":{"line":39,"column":41}},"27":{"start":{"line":40,"column":0},"end":{"line":40,"column":47}},"28":{"start":{"line":41,"column":0},"end":{"line":41,"column":49}},"29":{"start":{"line":42,"column":0},"end":{"line":42,"column":55}},"30":{"start":{"line":43,"column":0},"end":{"line":43,"column":61}},"31":{"start":{"line":44,"column":0},"end":{"line":44,"column":47}},"32":{"start":{"line":45,"column":0},"end":{"line":45,"column":56}},"33":{"start":{"line":46,"column":0},"end":{"line":46,"column":74}},"34":{"start":{"line":47,"column":0},"end":{"line":47,"column":60}},"35":{"start":{"line":48,"column":0},"end":{"line":48,"column":58}},"36":{"start":{"line":49,"column":0},"end":{"line":49,"column":55}},"37":{"start":{"line":55,"column":0},"end":{"line":55,"column":20}}},"fnMap":{"0":{"name":"(anonymous_0)","decl":{"start":{"line":21,"column":13},"end":{"line":21,"column":14}},"loc":{"start":{"line":21,"column":32},"end":{"line":23,"column":1}},"line":21}},"branchMap":{"0":{"loc":{"start":{"line":1,"column":0},"end":{"line":3,"column":1}},"type":"if","locations":[{"start":{"line":1,"column":0},"end":{"line":3,"column":1}},{"start":{},"end":{}}],"line":1}},"s":{"0":1,"1":1,"2":1,"3":1,"4":1,"5":1,"6":1,"7":1,"8":1,"9":1,"10":1,"11":1,"12":1,"13":1,"14":1,"15":1,"16":1,"17":1,"18":1,"19":1,"20":1,"21":1,"22":1,"23":1,"24":1,"25":1,"26":1,"27":1,"28":1,"29":1,"30":1,"31":1,"32":1,"33":1,"34":1,"35":1,"36":1,"37":1},"f":{"0":1},"b":{"0":[1,0]},"_coverageSchema":"1a1c01bbd47fc00a2c39e90264f33305004495a9","hash":"3c4fad464ee90ad535034039e602213e74ff439a"}
,"D:\\HCK72\\Phase3\\graded\\Final\\FinalProject-HackFit\\server\\Controller\\BookingController.js": {"path":"D:\\HCK72\\Phase3\\graded\\Final\\FinalProject-HackFit\\server\\Controller\\BookingController.js","statementMap":{"0":{"start":{"line":1,"column":27},"end":{"line":1,"column":43}},"1":{"start":{"line":2,"column":17},"end":{"line":2,"column":45}},"2":{"start":{"line":3,"column":21},"end":{"line":3,"column":39}},"3":{"start":{"line":7,"column":4},"end":{"line":72,"column":5}},"4":{"start":{"line":9,"column":18},"end":{"line":9,"column":19}},"5":{"start":{"line":10,"column":25},"end":{"line":10,"column":26}},"6":{"start":{"line":11,"column":60},"end":{"line":11,"column":68}},"7":{"start":{"line":12,"column":24},"end":{"line":12,"column":32}},"8":{"start":{"line":15,"column":6},"end":{"line":24,"column":7}},"9":{"start":{"line":17,"column":8},"end":{"line":17,"column":43}},"10":{"start":{"line":18,"column":13},"end":{"line":24,"column":7}},"11":{"start":{"line":19,"column":8},"end":{"line":19,"column":29}},"12":{"start":{"line":20,"column":8},"end":{"line":20,"column":19}},"13":{"start":{"line":21,"column":13},"end":{"line":24,"column":7}},"14":{"start":{"line":22,"column":8},"end":{"line":22,"column":29}},"15":{"start":{"line":23,"column":8},"end":{"line":23,"column":19}},"16":{"start":{"line":26,"column":6},"end":{"line":26,"column":51}},"17":{"start":{"line":28,"column":20},"end":{"line":33,"column":8}},"18":{"start":{"line":37,"column":33},"end":{"line":51,"column":7}},"19":{"start":{"line":54,"column":23},"end":{"line":65,"column":7}},"20":{"start":{"line":67,"column":6},"end":{"line":67,"column":48}},"21":{"start":{"line":69,"column":6},"end":{"line":69,"column":42}},"22":{"start":{"line":71,"column":6},"end":{"line":71,"column":33}},"23":{"start":{"line":75,"column":4},"end":{"line":102,"column":5}},"24":{"start":{"line":76,"column":6},"end":{"line":76,"column":46}},"25":{"start":{"line":77,"column":22},"end":{"line":77,"column":53}},"26":{"start":{"line":78,"column":6},"end":{"line":97,"column":7}},"27":{"start":{"line":82,"column":8},"end":{"line":87,"column":12}},"28":{"start":{"line":88,"column":28},"end":{"line":90,"column":58}},"29":{"start":{"line":91,"column":8},"end":{"line":96,"column":12}},"30":{"start":{"line":99,"column":6},"end":{"line":99,"column":47}},"31":{"start":{"line":101,"column":6},"end":{"line":101,"column":25}},"32":{"start":{"line":105,"column":0},"end":{"line":105,"column":34}}},"fnMap":{"0":{"name":"(anonymous_0)","decl":{"start":{"line":6,"column":2},"end":{"line":6,"column":3}},"loc":{"start":{"line":6,"column":34},"end":{"line":73,"column":3}},"line":6},"1":{"name":"(anonymous_1)","decl":{"start":{"line":74,"column":2},"end":{"line":74,"column":3}},"loc":{"start":{"line":74,"column":38},"end":{"line":103,"column":3}},"line":74}},"branchMap":{"0":{"loc":{"start":{"line":11,"column":37},"end":{"line":11,"column":55}},"type":"default-arg","locations":[{"start":{"line":11,"column":45},"end":{"line":11,"column":55}}],"line":11},"1":{"loc":{"start":{"line":15,"column":6},"end":{"line":24,"column":7}},"type":"if","locations":[{"start":{"line":15,"column":6},"end":{"line":24,"column":7}},{"start":{"line":18,"column":13},"end":{"line":24,"column":7}}],"line":15},"2":{"loc":{"start":{"line":18,"column":13},"end":{"line":24,"column":7}},"type":"if","locations":[{"start":{"line":18,"column":13},"end":{"line":24,"column":7}},{"start":{"line":21,"column":13},"end":{"line":24,"column":7}}],"line":18},"3":{"loc":{"start":{"line":21,"column":13},"end":{"line":24,"column":7}},"type":"if","locations":[{"start":{"line":21,"column":13},"end":{"line":24,"column":7}},{"start":{},"end":{}}],"line":21},"4":{"loc":{"start":{"line":78,"column":6},"end":{"line":97,"column":7}},"type":"if","locations":[{"start":{"line":78,"column":6},"end":{"line":97,"column":7}},{"start":{},"end":{}}],"line":78},"5":{"loc":{"start":{"line":79,"column":8},"end":{"line":80,"column":49}},"type":"binary-expr","locations":[{"start":{"line":79,"column":8},"end":{"line":79,"column":52}},{"start":{"line":80,"column":8},"end":{"line":80,"column":49}}],"line":79}},"s":{"0":1,"1":1,"2":1,"3":3,"4":3,"5":3,"6":3,"7":3,"8":3,"9":1,"10":2,"11":1,"12":1,"13":1,"14":1,"15":1,"16":3,"17":3,"18":3,"19":3,"20":3,"21":3,"22":0,"23":1,"24":1,"25":1,"26":1,"27":1,"28":1,"29":1,"30":1,"31":0,"32":1},"f":{"0":3,"1":1},"b":{"0":[3],"1":[1,2],"2":[1,1],"3":[1,0],"4":[1,0],"5":[1,0]},"_coverageSchema":"1a1c01bbd47fc00a2c39e90264f33305004495a9","hash":"4d71b6e374b484652586f2638eaed1d4dc41a93f"}
,"D:\\HCK72\\Phase3\\graded\\Final\\FinalProject-HackFit\\server\\Controller\\TrainerController.js": {"path":"D:\\HCK72\\Phase3\\graded\\Final\\FinalProject-HackFit\\server\\Controller\\TrainerController.js","statementMap":{"0":{"start":{"line":1,"column":21},"end":{"line":1,"column":39}},"1":{"start":{"line":2,"column":17},"end":{"line":2,"column":45}},"2":{"start":{"line":3,"column":16},"end":{"line":3,"column":43}},"3":{"start":{"line":7,"column":8},"end":{"line":15,"column":9}},"4":{"start":{"line":8,"column":25},"end":{"line":8,"column":51}},"5":{"start":{"line":12,"column":12},"end":{"line":12,"column":38}},"6":{"start":{"line":14,"column":12},"end":{"line":14,"column":52}},"7":{"start":{"line":19,"column":8},"end":{"line":28,"column":9}},"8":{"start":{"line":20,"column":25},"end":{"line":20,"column":35}},"9":{"start":{"line":21,"column":25},"end":{"line":21,"column":57}},"10":{"start":{"line":23,"column":12},"end":{"line":23,"column":38}},"11":{"start":{"line":26,"column":12},"end":{"line":26,"column":30}},"12":{"start":{"line":27,"column":12},"end":{"line":27,"column":52}},"13":{"start":{"line":32,"column":0},"end":{"line":32,"column":32}}},"fnMap":{"0":{"name":"(anonymous_0)","decl":{"start":{"line":6,"column":4},"end":{"line":6,"column":5}},"loc":{"start":{"line":6,"column":44},"end":{"line":16,"column":5}},"line":6},"1":{"name":"(anonymous_1)","decl":{"start":{"line":18,"column":4},"end":{"line":18,"column":5}},"loc":{"start":{"line":18,"column":40},"end":{"line":29,"column":5}},"line":18}},"branchMap":{},"s":{"0":1,"1":1,"2":1,"3":1,"4":1,"5":1,"6":0,"7":1,"8":1,"9":1,"10":1,"11":0,"12":0,"13":1},"f":{"0":1,"1":1},"b":{},"_coverageSchema":"1a1c01bbd47fc00a2c39e90264f33305004495a9","hash":"400753cf3147fd9f80c3c6b7a0b89ac603d28200"}
,"D:\\HCK72\\Phase3\\graded\\Final\\FinalProject-HackFit\\server\\Controller\\TrainingController.js": {"path":"D:\\HCK72\\Phase3\\graded\\Final\\FinalProject-HackFit\\server\\Controller\\TrainingController.js","statementMap":{"0":{"start":{"line":1,"column":21},"end":{"line":1,"column":39}},"1":{"start":{"line":2,"column":17},"end":{"line":2,"column":45}},"2":{"start":{"line":3,"column":17},"end":{"line":3,"column":45}},"3":{"start":{"line":7,"column":8},"end":{"line":16,"column":9}},"4":{"start":{"line":8,"column":28},"end":{"line":8,"column":36}},"5":{"start":{"line":10,"column":25},"end":{"line":10,"column":55}},"6":{"start":{"line":12,"column":11},"end":{"line":12,"column":37}},"7":{"start":{"line":15,"column":12},"end":{"line":15,"column":39}},"8":{"start":{"line":20,"column":8},"end":{"line":28,"column":9}},"9":{"start":{"line":21,"column":29},"end":{"line":21,"column":37}},"10":{"start":{"line":23,"column":25},"end":{"line":23,"column":59}},"11":{"start":{"line":25,"column":12},"end":{"line":25,"column":38}},"12":{"start":{"line":27,"column":12},"end":{"line":27,"column":39}},"13":{"start":{"line":32,"column":8},"end":{"line":40,"column":9}},"14":{"start":{"line":33,"column":25},"end":{"line":33,"column":35}},"15":{"start":{"line":35,"column":25},"end":{"line":35,"column":54}},"16":{"start":{"line":37,"column":12},"end":{"line":37,"column":61}},"17":{"start":{"line":39,"column":12},"end":{"line":39,"column":39}},"18":{"start":{"line":44,"column":8},"end":{"line":50,"column":9}},"19":{"start":{"line":45,"column":25},"end":{"line":45,"column":54}},"20":{"start":{"line":47,"column":12},"end":{"line":47,"column":38}},"21":{"start":{"line":49,"column":12},"end":{"line":49,"column":39}},"22":{"start":{"line":54,"column":8},"end":{"line":63,"column":9}},"23":{"start":{"line":55,"column":29},"end":{"line":55,"column":37}},"24":{"start":{"line":56,"column":25},"end":{"line":56,"column":35}},"25":{"start":{"line":58,"column":25},"end":{"line":58,"column":60}},"26":{"start":{"line":60,"column":12},"end":{"line":60,"column":59}},"27":{"start":{"line":62,"column":12},"end":{"line":62,"column":39}},"28":{"start":{"line":67,"column":8},"end":{"line":80,"column":9}},"29":{"start":{"line":68,"column":29},"end":{"line":68,"column":37}},"30":{"start":{"line":69,"column":33},"end":{"line":69,"column":43}},"31":{"start":{"line":71,"column":28},"end":{"line":71,"column":56}},"32":{"start":{"line":72,"column":32},"end":{"line":72,"column":64}},"33":{"start":{"line":74,"column":12},"end":{"line":74,"column":67}},"34":{"start":{"line":76,"column":12},"end":{"line":76,"column":61}},"35":{"start":{"line":79,"column":12},"end":{"line":79,"column":39}},"36":{"start":{"line":84,"column":0},"end":{"line":84,"column":33}}},"fnMap":{"0":{"name":"(anonymous_0)","decl":{"start":{"line":6,"column":4},"end":{"line":6,"column":5}},"loc":{"start":{"line":6,"column":37},"end":{"line":17,"column":5}},"line":6},"1":{"name":"(anonymous_1)","decl":{"start":{"line":19,"column":4},"end":{"line":19,"column":5}},"loc":{"start":{"line":19,"column":33},"end":{"line":29,"column":5}},"line":19},"2":{"name":"(anonymous_2)","decl":{"start":{"line":31,"column":4},"end":{"line":31,"column":5}},"loc":{"start":{"line":31,"column":36},"end":{"line":41,"column":5}},"line":31},"3":{"name":"(anonymous_3)","decl":{"start":{"line":43,"column":4},"end":{"line":43,"column":5}},"loc":{"start":{"line":43,"column":46},"end":{"line":51,"column":5}},"line":43},"4":{"name":"(anonymous_4)","decl":{"start":{"line":53,"column":4},"end":{"line":53,"column":5}},"loc":{"start":{"line":53,"column":34},"end":{"line":64,"column":5}},"line":53},"5":{"name":"(anonymous_5)","decl":{"start":{"line":66,"column":4},"end":{"line":66,"column":5}},"loc":{"start":{"line":66,"column":41},"end":{"line":81,"column":5}},"line":66}},"branchMap":{},"s":{"0":1,"1":1,"2":1,"3":1,"4":1,"5":1,"6":1,"7":0,"8":2,"9":2,"10":2,"11":2,"12":0,"13":1,"14":1,"15":1,"16":1,"17":0,"18":1,"19":1,"20":1,"21":0,"22":0,"23":0,"24":0,"25":0,"26":0,"27":0,"28":2,"29":2,"30":2,"31":2,"32":2,"33":1,"34":1,"35":1,"36":1},"f":{"0":1,"1":2,"2":1,"3":1,"4":0,"5":2},"b":{},"_coverageSchema":"1a1c01bbd47fc00a2c39e90264f33305004495a9","hash":"09e611636582bb81593574fd6613c6eb27f51484"}
,"D:\\HCK72\\Phase3\\graded\\Final\\FinalProject-HackFit\\server\\Controller\\UserController.js": {"path":"D:\\HCK72\\Phase3\\graded\\Final\\FinalProject-HackFit\\server\\Controller\\UserController.js","statementMap":{"0":{"start":{"line":1,"column":21},"end":{"line":1,"column":39}},"1":{"start":{"line":2,"column":17},"end":{"line":2,"column":45}},"2":{"start":{"line":3,"column":16},"end":{"line":3,"column":44}},"3":{"start":{"line":4,"column":22},"end":{"line":4,"column":46}},"4":{"start":{"line":5,"column":15},"end":{"line":5,"column":42}},"5":{"start":{"line":6,"column":15},"end":{"line":6,"column":34}},"6":{"start":{"line":7,"column":13},"end":{"line":7,"column":37}},"7":{"start":{"line":8,"column":16},"end":{"line":8,"column":43}},"8":{"start":{"line":9,"column":17},"end":{"line":9,"column":45}},"9":{"start":{"line":13,"column":17},"end":{"line":13,"column":37}},"10":{"start":{"line":15,"column":4},"end":{"line":15,"column":31}},"11":{"start":{"line":19,"column":17},"end":{"line":19,"column":43}},"12":{"start":{"line":21,"column":4},"end":{"line":21,"column":31}},"13":{"start":{"line":25,"column":4},"end":{"line":34,"column":5}},"14":{"start":{"line":26,"column":24},"end":{"line":26,"column":32}},"15":{"start":{"line":28,"column":19},"end":{"line":28,"column":53}},"16":{"start":{"line":30,"column":6},"end":{"line":30,"column":54}},"17":{"start":{"line":32,"column":6},"end":{"line":32,"column":25}},"18":{"start":{"line":33,"column":6},"end":{"line":33,"column":44}},"19":{"start":{"line":38,"column":4},"end":{"line":101,"column":5}},"20":{"start":{"line":39,"column":19},"end":{"line":39,"column":27}},"21":{"start":{"line":42,"column":6},"end":{"line":44,"column":7}},"22":{"start":{"line":43,"column":8},"end":{"line":43,"column":33}},"23":{"start":{"line":45,"column":6},"end":{"line":47,"column":7}},"24":{"start":{"line":46,"column":8},"end":{"line":46,"column":37}},"25":{"start":{"line":49,"column":26},"end":{"line":49,"column":45}},"26":{"start":{"line":50,"column":6},"end":{"line":52,"column":7}},"27":{"start":{"line":51,"column":8},"end":{"line":51,"column":46}},"28":{"start":{"line":54,"column":26},"end":{"line":56,"column":39}},"29":{"start":{"line":57,"column":6},"end":{"line":59,"column":7}},"30":{"start":{"line":58,"column":8},"end":{"line":58,"column":37}},"31":{"start":{"line":61,"column":6},"end":{"line":63,"column":7}},"32":{"start":{"line":62,"column":8},"end":{"line":62,"column":34}},"33":{"start":{"line":64,"column":6},"end":{"line":66,"column":7}},"34":{"start":{"line":65,"column":8},"end":{"line":65,"column":37}},"35":{"start":{"line":67,"column":6},"end":{"line":69,"column":7}},"36":{"start":{"line":68,"column":8},"end":{"line":68,"column":32}},"37":{"start":{"line":70,"column":6},"end":{"line":72,"column":7}},"38":{"start":{"line":71,"column":8},"end":{"line":71,"column":35}},"39":{"start":{"line":73,"column":6},"end":{"line":75,"column":7}},"40":{"start":{"line":74,"column":8},"end":{"line":74,"column":35}},"41":{"start":{"line":76,"column":6},"end":{"line":78,"column":7}},"42":{"start":{"line":77,"column":8},"end":{"line":77,"column":38}},"43":{"start":{"line":79,"column":6},"end":{"line":81,"column":7}},"44":{"start":{"line":80,"column":8},"end":{"line":80,"column":41}},"45":{"start":{"line":82,"column":6},"end":{"line":84,"column":7}},"46":{"start":{"line":83,"column":8},"end":{"line":83,"column":32}},"47":{"start":{"line":85,"column":6},"end":{"line":87,"column":7}},"48":{"start":{"line":86,"column":8},"end":{"line":86,"column":44}},"49":{"start":{"line":88,"column":6},"end":{"line":90,"column":7}},"50":{"start":{"line":89,"column":8},"end":{"line":89,"column":37}},"51":{"start":{"line":92,"column":17},"end":{"line":92,"column":39}},"52":{"start":{"line":93,"column":6},"end":{"line":93,"column":59}},"53":{"start":{"line":95,"column":19},"end":{"line":95,"column":72}},"54":{"start":{"line":97,"column":6},"end":{"line":97,"column":61}},"55":{"start":{"line":99,"column":6},"end":{"line":99,"column":25}},"56":{"start":{"line":100,"column":6},"end":{"line":100,"column":38}},"57":{"start":{"line":105,"column":4},"end":{"line":143,"column":5}},"58":{"start":{"line":106,"column":19},"end":{"line":106,"column":27}},"59":{"start":{"line":109,"column":6},"end":{"line":111,"column":7}},"60":{"start":{"line":110,"column":8},"end":{"line":110,"column":33}},"61":{"start":{"line":112,"column":6},"end":{"line":114,"column":7}},"62":{"start":{"line":113,"column":8},"end":{"line":113,"column":37}},"63":{"start":{"line":116,"column":26},"end":{"line":116,"column":45}},"64":{"start":{"line":117,"column":6},"end":{"line":119,"column":7}},"65":{"start":{"line":118,"column":8},"end":{"line":118,"column":46}},"66":{"start":{"line":121,"column":26},"end":{"line":123,"column":39}},"67":{"start":{"line":124,"column":6},"end":{"line":126,"column":7}},"68":{"start":{"line":125,"column":8},"end":{"line":125,"column":37}},"69":{"start":{"line":128,"column":6},"end":{"line":130,"column":7}},"70":{"start":{"line":129,"column":8},"end":{"line":129,"column":34}},"71":{"start":{"line":131,"column":6},"end":{"line":133,"column":7}},"72":{"start":{"line":132,"column":8},"end":{"line":132,"column":37}},"73":{"start":{"line":134,"column":17},"end":{"line":134,"column":39}},"74":{"start":{"line":135,"column":6},"end":{"line":135,"column":59}},"75":{"start":{"line":137,"column":19},"end":{"line":137,"column":70}},"76":{"start":{"line":139,"column":6},"end":{"line":139,"column":58}},"77":{"start":{"line":141,"column":6},"end":{"line":141,"column":25}},"78":{"start":{"line":142,"column":6},"end":{"line":142,"column":38}},"79":{"start":{"line":147,"column":4},"end":{"line":156,"column":5}},"80":{"start":{"line":148,"column":35},"end":{"line":148,"column":43}},"81":{"start":{"line":150,"column":27},"end":{"line":150,"column":67}},"82":{"start":{"line":152,"column":6},"end":{"line":152,"column":59}},"83":{"start":{"line":154,"column":6},"end":{"line":154,"column":25}},"84":{"start":{"line":155,"column":6},"end":{"line":155,"column":47}},"85":{"start":{"line":160,"column":4},"end":{"line":168,"column":5}},"86":{"start":{"line":161,"column":25},"end":{"line":161,"column":33}},"87":{"start":{"line":163,"column":19},"end":{"line":163,"column":49}},"88":{"start":{"line":165,"column":6},"end":{"line":165,"column":33}},"89":{"start":{"line":167,"column":6},"end":{"line":167,"column":34}},"90":{"start":{"line":172,"column":4},"end":{"line":227,"column":5}},"91":{"start":{"line":173,"column":63},"end":{"line":173,"column":71}},"92":{"start":{"line":174,"column":25},"end":{"line":174,"column":33}},"93":{"start":{"line":177,"column":23},"end":{"line":177,"column":53}},"94":{"start":{"line":179,"column":6},"end":{"line":184,"column":7}},"95":{"start":{"line":180,"column":8},"end":{"line":180,"column":65}},"96":{"start":{"line":182,"column":11},"end":{"line":184,"column":7}},"97":{"start":{"line":183,"column":8},"end":{"line":183,"column":38}},"98":{"start":{"line":187,"column":6},"end":{"line":189,"column":7}},"99":{"start":{"line":188,"column":8},"end":{"line":188,"column":40}},"100":{"start":{"line":190,"column":6},"end":{"line":192,"column":7}},"101":{"start":{"line":191,"column":8},"end":{"line":191,"column":40}},"102":{"start":{"line":193,"column":6},"end":{"line":195,"column":7}},"103":{"start":{"line":194,"column":8},"end":{"line":194,"column":40}},"104":{"start":{"line":196,"column":6},"end":{"line":198,"column":7}},"105":{"start":{"line":197,"column":8},"end":{"line":197,"column":40}},"106":{"start":{"line":199,"column":6},"end":{"line":201,"column":7}},"107":{"start":{"line":200,"column":8},"end":{"line":200,"column":40}},"108":{"start":{"line":204,"column":27},"end":{"line":204,"column":83}},"109":{"start":{"line":206,"column":23},"end":{"line":206,"column":84}},"110":{"start":{"line":208,"column":19},"end":{"line":208,"column":54}},"111":{"start":{"line":211,"column":30},"end":{"line":211,"column":132}},"112":{"start":{"line":213,"column":6},"end":{"line":213,"column":73}},"113":{"start":{"line":216,"column":6},"end":{"line":216,"column":24}},"114":{"start":{"line":217,"column":6},"end":{"line":225,"column":7}},"115":{"start":{"line":218,"column":8},"end":{"line":218,"column":27}},"116":{"start":{"line":219,"column":8},"end":{"line":219,"column":46}},"117":{"start":{"line":222,"column":27},"end":{"line":222,"column":35}},"118":{"start":{"line":223,"column":8},"end":{"line":223,"column":42}},"119":{"start":{"line":224,"column":8},"end":{"line":224,"column":46}},"120":{"start":{"line":231,"column":4},"end":{"line":241,"column":5}},"121":{"start":{"line":232,"column":25},"end":{"line":232,"column":33}},"122":{"start":{"line":233,"column":19},"end":{"line":233,"column":27}},"123":{"start":{"line":235,"column":19},"end":{"line":235,"column":54}},"124":{"start":{"line":238,"column":6},"end":{"line":238,"column":72}},"125":{"start":{"line":240,"column":6},"end":{"line":240,"column":34}},"126":{"start":{"line":245,"column":4},"end":{"line":256,"column":5}},"127":{"start":{"line":246,"column":25},"end":{"line":246,"column":33}},"128":{"start":{"line":247,"column":21},"end":{"line":247,"column":31}},"129":{"start":{"line":250,"column":20},"end":{"line":250,"column":64}},"130":{"start":{"line":252,"column":6},"end":{"line":252,"column":73}},"131":{"start":{"line":255,"column":6},"end":{"line":255,"column":34}},"132":{"start":{"line":260,"column":0},"end":{"line":260,"column":32}}},"fnMap":{"0":{"name":"(anonymous_0)","decl":{"start":{"line":12,"column":2},"end":{"line":12,"column":3}},"loc":{"start":{"line":12,"column":32},"end":{"line":16,"column":3}},"line":12},"1":{"name":"(anonymous_1)","decl":{"start":{"line":18,"column":2},"end":{"line":18,"column":3}},"loc":{"start":{"line":18,"column":40},"end":{"line":22,"column":3}},"line":18},"2":{"name":"(anonymous_2)","decl":{"start":{"line":24,"column":2},"end":{"line":24,"column":3}},"loc":{"start":{"line":24,"column":34},"end":{"line":35,"column":3}},"line":24},"3":{"name":"(anonymous_3)","decl":{"start":{"line":37,"column":2},"end":{"line":37,"column":3}},"loc":{"start":{"line":37,"column":36},"end":{"line":102,"column":3}},"line":37},"4":{"name":"(anonymous_4)","decl":{"start":{"line":104,"column":2},"end":{"line":104,"column":3}},"loc":{"start":{"line":104,"column":39},"end":{"line":144,"column":3}},"line":104},"5":{"name":"(anonymous_5)","decl":{"start":{"line":146,"column":2},"end":{"line":146,"column":3}},"loc":{"start":{"line":146,"column":31},"end":{"line":157,"column":3}},"line":146},"6":{"name":"(anonymous_6)","decl":{"start":{"line":159,"column":2},"end":{"line":159,"column":3}},"loc":{"start":{"line":159,"column":44},"end":{"line":169,"column":3}},"line":159},"7":{"name":"(anonymous_7)","decl":{"start":{"line":171,"column":2},"end":{"line":171,"column":3}},"loc":{"start":{"line":171,"column":32},"end":{"line":228,"column":3}},"line":171},"8":{"name":"(anonymous_8)","decl":{"start":{"line":230,"column":2},"end":{"line":230,"column":3}},"loc":{"start":{"line":230,"column":36},"end":{"line":242,"column":3}},"line":230},"9":{"name":"(anonymous_9)","decl":{"start":{"line":244,"column":2},"end":{"line":244,"column":3}},"loc":{"start":{"line":244,"column":39},"end":{"line":257,"column":3}},"line":244}},"branchMap":{"0":{"loc":{"start":{"line":42,"column":6},"end":{"line":44,"column":7}},"type":"if","locations":[{"start":{"line":42,"column":6},"end":{"line":44,"column":7}},{"start":{},"end":{}}],"line":42},"1":{"loc":{"start":{"line":45,"column":6},"end":{"line":47,"column":7}},"type":"if","locations":[{"start":{"line":45,"column":6},"end":{"line":47,"column":7}},{"start":{},"end":{}}],"line":45},"2":{"loc":{"start":{"line":50,"column":6},"end":{"line":52,"column":7}},"type":"if","locations":[{"start":{"line":50,"column":6},"end":{"line":52,"column":7}},{"start":{},"end":{}}],"line":50},"3":{"loc":{"start":{"line":57,"column":6},"end":{"line":59,"column":7}},"type":"if","locations":[{"start":{"line":57,"column":6},"end":{"line":59,"column":7}},{"start":{},"end":{}}],"line":57},"4":{"loc":{"start":{"line":61,"column":6},"end":{"line":63,"column":7}},"type":"if","locations":[{"start":{"line":61,"column":6},"end":{"line":63,"column":7}},{"start":{},"end":{}}],"line":61},"5":{"loc":{"start":{"line":64,"column":6},"end":{"line":66,"column":7}},"type":"if","locations":[{"start":{"line":64,"column":6},"end":{"line":66,"column":7}},{"start":{},"end":{}}],"line":64},"6":{"loc":{"start":{"line":67,"column":6},"end":{"line":69,"column":7}},"type":"if","locations":[{"start":{"line":67,"column":6},"end":{"line":69,"column":7}},{"start":{},"end":{}}],"line":67},"7":{"loc":{"start":{"line":70,"column":6},"end":{"line":72,"column":7}},"type":"if","locations":[{"start":{"line":70,"column":6},"end":{"line":72,"column":7}},{"start":{},"end":{}}],"line":70},"8":{"loc":{"start":{"line":73,"column":6},"end":{"line":75,"column":7}},"type":"if","locations":[{"start":{"line":73,"column":6},"end":{"line":75,"column":7}},{"start":{},"end":{}}],"line":73},"9":{"loc":{"start":{"line":76,"column":6},"end":{"line":78,"column":7}},"type":"if","locations":[{"start":{"line":76,"column":6},"end":{"line":78,"column":7}},{"start":{},"end":{}}],"line":76},"10":{"loc":{"start":{"line":79,"column":6},"end":{"line":81,"column":7}},"type":"if","locations":[{"start":{"line":79,"column":6},"end":{"line":81,"column":7}},{"start":{},"end":{}}],"line":79},"11":{"loc":{"start":{"line":82,"column":6},"end":{"line":84,"column":7}},"type":"if","locations":[{"start":{"line":82,"column":6},"end":{"line":84,"column":7}},{"start":{},"end":{}}],"line":82},"12":{"loc":{"start":{"line":85,"column":6},"end":{"line":87,"column":7}},"type":"if","locations":[{"start":{"line":85,"column":6},"end":{"line":87,"column":7}},{"start":{},"end":{}}],"line":85},"13":{"loc":{"start":{"line":88,"column":6},"end":{"line":90,"column":7}},"type":"if","locations":[{"start":{"line":88,"column":6},"end":{"line":90,"column":7}},{"start":{},"end":{}}],"line":88},"14":{"loc":{"start":{"line":109,"column":6},"end":{"line":111,"column":7}},"type":"if","locations":[{"start":{"line":109,"column":6},"end":{"line":111,"column":7}},{"start":{},"end":{}}],"line":109},"15":{"loc":{"start":{"line":112,"column":6},"end":{"line":114,"column":7}},"type":"if","locations":[{"start":{"line":112,"column":6},"end":{"line":114,"column":7}},{"start":{},"end":{}}],"line":112},"16":{"loc":{"start":{"line":117,"column":6},"end":{"line":119,"column":7}},"type":"if","locations":[{"start":{"line":117,"column":6},"end":{"line":119,"column":7}},{"start":{},"end":{}}],"line":117},"17":{"loc":{"start":{"line":124,"column":6},"end":{"line":126,"column":7}},"type":"if","locations":[{"start":{"line":124,"column":6},"end":{"line":126,"column":7}},{"start":{},"end":{}}],"line":124},"18":{"loc":{"start":{"line":128,"column":6},"end":{"line":130,"column":7}},"type":"if","locations":[{"start":{"line":128,"column":6},"end":{"line":130,"column":7}},{"start":{},"end":{}}],"line":128},"19":{"loc":{"start":{"line":131,"column":6},"end":{"line":133,"column":7}},"type":"if","locations":[{"start":{"line":131,"column":6},"end":{"line":133,"column":7}},{"start":{},"end":{}}],"line":131},"20":{"loc":{"start":{"line":179,"column":6},"end":{"line":184,"column":7}},"type":"if","locations":[{"start":{"line":179,"column":6},"end":{"line":184,"column":7}},{"start":{"line":182,"column":11},"end":{"line":184,"column":7}}],"line":179},"21":{"loc":{"start":{"line":179,"column":10},"end":{"line":179,"column":53}},"type":"binary-expr","locations":[{"start":{"line":179,"column":10},"end":{"line":179,"column":29}},{"start":{"line":179,"column":33},"end":{"line":179,"column":53}}],"line":179},"22":{"loc":{"start":{"line":182,"column":11},"end":{"line":184,"column":7}},"type":"if","locations":[{"start":{"line":182,"column":11},"end":{"line":184,"column":7}},{"start":{},"end":{}}],"line":182},"23":{"loc":{"start":{"line":187,"column":6},"end":{"line":189,"column":7}},"type":"if","locations":[{"start":{"line":187,"column":6},"end":{"line":189,"column":7}},{"start":{},"end":{}}],"line":187},"24":{"loc":{"start":{"line":190,"column":6},"end":{"line":192,"column":7}},"type":"if","locations":[{"start":{"line":190,"column":6},"end":{"line":192,"column":7}},{"start":{},"end":{}}],"line":190},"25":{"loc":{"start":{"line":193,"column":6},"end":{"line":195,"column":7}},"type":"if","locations":[{"start":{"line":193,"column":6},"end":{"line":195,"column":7}},{"start":{},"end":{}}],"line":193},"26":{"loc":{"start":{"line":196,"column":6},"end":{"line":198,"column":7}},"type":"if","locations":[{"start":{"line":196,"column":6},"end":{"line":198,"column":7}},{"start":{},"end":{}}],"line":196},"27":{"loc":{"start":{"line":199,"column":6},"end":{"line":201,"column":7}},"type":"if","locations":[{"start":{"line":199,"column":6},"end":{"line":201,"column":7}},{"start":{},"end":{}}],"line":199},"28":{"loc":{"start":{"line":217,"column":6},"end":{"line":225,"column":7}},"type":"if","locations":[{"start":{"line":217,"column":6},"end":{"line":225,"column":7}},{"start":{"line":221,"column":10},"end":{"line":225,"column":7}}],"line":217}},"s":{"0":1,"1":1,"2":1,"3":1,"4":1,"5":1,"6":1,"7":1,"8":1,"9":1,"10":1,"11":1,"12":1,"13":1,"14":1,"15":1,"16":1,"17":0,"18":0,"19":1,"20":1,"21":1,"22":0,"23":1,"24":0,"25":1,"26":1,"27":0,"28":1,"29":1,"30":0,"31":1,"32":0,"33":1,"34":0,"35":1,"36":0,"37":1,"38":0,"39":1,"40":0,"41":1,"42":0,"43":1,"44":0,"45":1,"46":0,"47":1,"48":0,"49":1,"50":0,"51":1,"52":1,"53":1,"54":1,"55":0,"56":0,"57":1,"58":1,"59":1,"60":0,"61":1,"62":0,"63":1,"64":1,"65":0,"66":1,"67":1,"68":0,"69":1,"70":0,"71":1,"72":0,"73":1,"74":1,"75":1,"76":1,"77":0,"78":0,"79":14,"80":14,"81":14,"82":14,"83":0,"84":0,"85":2,"86":2,"87":2,"88":2,"89":0,"90":1,"91":1,"92":1,"93":1,"94":1,"95":0,"96":1,"97":1,"98":1,"99":0,"100":1,"101":0,"102":1,"103":0,"104":1,"105":0,"106":1,"107":0,"108":1,"109":1,"110":1,"111":1,"112":1,"113":0,"114":0,"115":0,"116":0,"117":0,"118":0,"119":0,"120":1,"121":1,"122":1,"123":1,"124":1,"125":0,"126":0,"127":0,"128":0,"129":0,"130":0,"131":0,"132":1},"f":{"0":1,"1":1,"2":1,"3":1,"4":1,"5":14,"6":2,"7":1,"8":1,"9":0},"b":{"0":[0,1],"1":[0,1],"2":[0,1],"3":[0,1],"4":[0,1],"5":[0,1],"6":[0,1],"7":[0,1],"8":[0,1],"9":[0,1],"10":[0,1],"11":[0,1],"12":[0,1],"13":[0,1],"14":[0,1],"15":[0,1],"16":[0,1],"17":[0,1],"18":[0,1],"19":[0,1],"20":[0,1],"21":[1,1],"22":[1,0],"23":[0,1],"24":[0,1],"25":[0,1],"26":[0,1],"27":[0,1],"28":[0,0]},"_coverageSchema":"1a1c01bbd47fc00a2c39e90264f33305004495a9","hash":"6cdc6473099da13b9d5b8968f3b66e5a6022cab9"}
,"D:\\HCK72\\Phase3\\graded\\Final\\FinalProject-HackFit\\server\\config\\mongodb.js": {"path":"D:\\HCK72\\Phase3\\graded\\Final\\FinalProject-HackFit\\server\\config\\mongodb.js","statementMap":{"0":{"start":{"line":1,"column":0},"end":{"line":1,"column":27}},"1":{"start":{"line":2,"column":42},"end":{"line":2,"column":60}},"2":{"start":{"line":3,"column":12},"end":{"line":3,"column":27}},"3":{"start":{"line":7,"column":15},"end":{"line":13,"column":2}},"4":{"start":{"line":15,"column":17},"end":{"line":15,"column":116}},"5":{"start":{"line":17,"column":0},"end":{"line":17,"column":25}}},"fnMap":{},"branchMap":{"0":{"loc":{"start":{"line":15,"column":27},"end":{"line":15,"column":115}},"type":"cond-expr","locations":[{"start":{"line":15,"column":61},"end":{"line":15,"column":89}},{"start":{"line":15,"column":90},"end":{"line":15,"column":115}}],"line":15}},"s":{"0":1,"1":1,"2":1,"3":1,"4":1,"5":1},"f":{},"b":{"0":[1,0]},"_coverageSchema":"1a1c01bbd47fc00a2c39e90264f33305004495a9","hash":"3fb4f89062e76dbf6a7f241a60ff706cf157ebd8"}
,"D:\\HCK72\\Phase3\\graded\\Final\\FinalProject-HackFit\\server\\helper\\isEmail.js": {"path":"D:\\HCK72\\Phase3\\graded\\Final\\FinalProject-HackFit\\server\\helper\\isEmail.js","statementMap":{"0":{"start":{"line":1,"column":16},"end":{"line":7,"column":3}},"1":{"start":{"line":2,"column":4},"end":{"line":6,"column":8}},"2":{"start":{"line":9,"column":2},"end":{"line":9,"column":26}}},"fnMap":{"0":{"name":"(anonymous_0)","decl":{"start":{"line":1,"column":16},"end":{"line":1,"column":17}},"loc":{"start":{"line":1,"column":27},"end":{"line":7,"column":3}},"line":1}},"branchMap":{},"s":{"0":1,"1":3,"2":1},"f":{"0":3},"b":{},"_coverageSchema":"1a1c01bbd47fc00a2c39e90264f33305004495a9","hash":"7bd9d6ce9673a26dfebf7fb9358c3d67377fd444"}
,"D:\\HCK72\\Phase3\\graded\\Final\\FinalProject-HackFit\\server\\helper\\jwt.js": {"path":"D:\\HCK72\\Phase3\\graded\\Final\\FinalProject-HackFit\\server\\helper\\jwt.js","statementMap":{"0":{"start":{"line":1,"column":12},"end":{"line":1,"column":35}},"1":{"start":{"line":2,"column":19},"end":{"line":2,"column":41}},"2":{"start":{"line":6,"column":18},"end":{"line":8,"column":1}},"3":{"start":{"line":7,"column":4},"end":{"line":7,"column":39}},"4":{"start":{"line":9,"column":20},"end":{"line":11,"column":1}},"5":{"start":{"line":10,"column":4},"end":{"line":10,"column":40}},"6":{"start":{"line":12,"column":0},"end":{"line":12,"column":41}}},"fnMap":{"0":{"name":"(anonymous_0)","decl":{"start":{"line":6,"column":18},"end":{"line":6,"column":19}},"loc":{"start":{"line":6,"column":28},"end":{"line":8,"column":1}},"line":6},"1":{"name":"(anonymous_1)","decl":{"start":{"line":9,"column":20},"end":{"line":9,"column":21}},"loc":{"start":{"line":9,"column":29},"end":{"line":11,"column":1}},"line":9}},"branchMap":{},"s":{"0":1,"1":1,"2":1,"3":14,"4":1,"5":17,"6":1},"f":{"0":14,"1":17},"b":{},"_coverageSchema":"1a1c01bbd47fc00a2c39e90264f33305004495a9","hash":"a1c3af6ae8baa4eae79f5f8fa50a3737d153d02d"}
,"D:\\HCK72\\Phase3\\graded\\Final\\FinalProject-HackFit\\server\\helper\\openAi.js": {"path":"D:\\HCK72\\Phase3\\graded\\Final\\FinalProject-HackFit\\server\\helper\\openAi.js","statementMap":{"0":{"start":{"line":1,"column":19},"end":{"line":1,"column":36}},"1":{"start":{"line":2,"column":0},"end":{"line":2,"column":27}},"2":{"start":{"line":4,"column":0},"end":{"line":50,"column":2}},"3":{"start":{"line":5,"column":17},"end":{"line":7,"column":4}},"4":{"start":{"line":8,"column":21},"end":{"line":26,"column":4}},"5":{"start":{"line":29,"column":18},"end":{"line":46,"column":3}},"6":{"start":{"line":49,"column":2},"end":{"line":49,"column":47}}},"fnMap":{"0":{"name":"OpenAi","decl":{"start":{"line":4,"column":32},"end":{"line":4,"column":38}},"loc":{"start":{"line":4,"column":80},"end":{"line":50,"column":1}},"line":4}},"branchMap":{},"s":{"0":1,"1":1,"2":1,"3":1,"4":1,"5":1,"6":1},"f":{"0":1},"b":{},"_coverageSchema":"1a1c01bbd47fc00a2c39e90264f33305004495a9","hash":"e945fec4015a215d75e9d947591449a67f69a564"}
,"D:\\HCK72\\Phase3\\graded\\Final\\FinalProject-HackFit\\server\\middleware\\authentication.js": {"path":"D:\\HCK72\\Phase3\\graded\\Final\\FinalProject-HackFit\\server\\middleware\\authentication.js","statementMap":{"0":{"start":{"line":1,"column":21},"end":{"line":1,"column":39}},"1":{"start":{"line":2,"column":17},"end":{"line":2,"column":45}},"2":{"start":{"line":3,"column":24},"end":{"line":3,"column":48}},"3":{"start":{"line":7,"column":4},"end":{"line":51,"column":5}},"4":{"start":{"line":9,"column":29},"end":{"line":9,"column":54}},"5":{"start":{"line":10,"column":8},"end":{"line":10,"column":49}},"6":{"start":{"line":12,"column":8},"end":{"line":14,"column":9}},"7":{"start":{"line":13,"column":12},"end":{"line":13,"column":33}},"8":{"start":{"line":16,"column":31},"end":{"line":16,"column":54}},"9":{"start":{"line":18,"column":8},"end":{"line":20,"column":9}},"10":{"start":{"line":19,"column":12},"end":{"line":19,"column":33}},"11":{"start":{"line":21,"column":22},"end":{"line":21,"column":40}},"12":{"start":{"line":24,"column":8},"end":{"line":26,"column":9}},"13":{"start":{"line":25,"column":12},"end":{"line":25,"column":33}},"14":{"start":{"line":28,"column":19},"end":{"line":28,"column":53}},"15":{"start":{"line":31,"column":21},"end":{"line":31,"column":73}},"16":{"start":{"line":35,"column":8},"end":{"line":37,"column":9}},"17":{"start":{"line":36,"column":12},"end":{"line":36,"column":33}},"18":{"start":{"line":39,"column":8},"end":{"line":43,"column":9}},"19":{"start":{"line":45,"column":8},"end":{"line":45,"column":14}},"20":{"start":{"line":49,"column":8},"end":{"line":49,"column":26}},"21":{"start":{"line":50,"column":8},"end":{"line":50,"column":37}},"22":{"start":{"line":54,"column":0},"end":{"line":54,"column":31}}},"fnMap":{"0":{"name":"authentication","decl":{"start":{"line":6,"column":15},"end":{"line":6,"column":29}},"loc":{"start":{"line":6,"column":44},"end":{"line":52,"column":1}},"line":6}},"branchMap":{"0":{"loc":{"start":{"line":12,"column":8},"end":{"line":14,"column":9}},"type":"if","locations":[{"start":{"line":12,"column":8},"end":{"line":14,"column":9}},{"start":{},"end":{}}],"line":12},"1":{"loc":{"start":{"line":18,"column":8},"end":{"line":20,"column":9}},"type":"if","locations":[{"start":{"line":18,"column":8},"end":{"line":20,"column":9}},{"start":{},"end":{}}],"line":18},"2":{"loc":{"start":{"line":24,"column":8},"end":{"line":26,"column":9}},"type":"if","locations":[{"start":{"line":24,"column":8},"end":{"line":26,"column":9}},{"start":{},"end":{}}],"line":24},"3":{"loc":{"start":{"line":35,"column":8},"end":{"line":37,"column":9}},"type":"if","locations":[{"start":{"line":35,"column":8},"end":{"line":37,"column":9}},{"start":{},"end":{}}],"line":35}},"s":{"0":1,"1":1,"2":1,"3":18,"4":18,"5":18,"6":18,"7":1,"8":17,"9":17,"10":0,"11":17,"12":16,"13":0,"14":16,"15":16,"16":16,"17":0,"18":16,"19":16,"20":2,"21":2,"22":1},"f":{"0":18},"b":{"0":[1,17],"1":[0,17],"2":[0,16],"3":[0,16]},"_coverageSchema":"1a1c01bbd47fc00a2c39e90264f33305004495a9","hash":"a2e231237bbf31cb20a03c2355d6a4ea6c76e7b6"}
,"D:\\HCK72\\Phase3\\graded\\Final\\FinalProject-HackFit\\server\\model\\trainer.js": {"path":"D:\\HCK72\\Phase3\\graded\\Final\\FinalProject-HackFit\\server\\model\\trainer.js","statementMap":{"0":{"start":{"line":1,"column":21},"end":{"line":1,"column":39}},"1":{"start":{"line":2,"column":17},"end":{"line":2,"column":45}},"2":{"start":{"line":6,"column":8},"end":{"line":12,"column":9}},"3":{"start":{"line":7,"column":25},"end":{"line":7,"column":79}},"4":{"start":{"line":9,"column":12},"end":{"line":9,"column":23}},"5":{"start":{"line":11,"column":12},"end":{"line":11,"column":24}},"6":{"start":{"line":16,"column":8},"end":{"line":26,"column":9}},"7":{"start":{"line":17,"column":25},"end":{"line":17,"column":102}},"8":{"start":{"line":19,"column":12},"end":{"line":21,"column":13}},"9":{"start":{"line":20,"column":16},"end":{"line":20,"column":51}},"10":{"start":{"line":23,"column":12},"end":{"line":23,"column":23}},"11":{"start":{"line":25,"column":12},"end":{"line":25,"column":24}},"12":{"start":{"line":30,"column":0},"end":{"line":30,"column":24}}},"fnMap":{"0":{"name":"(anonymous_0)","decl":{"start":{"line":5,"column":4},"end":{"line":5,"column":5}},"loc":{"start":{"line":5,"column":29},"end":{"line":13,"column":5}},"line":5},"1":{"name":"(anonymous_1)","decl":{"start":{"line":15,"column":4},"end":{"line":15,"column":5}},"loc":{"start":{"line":15,"column":35},"end":{"line":27,"column":5}},"line":15}},"branchMap":{"0":{"loc":{"start":{"line":19,"column":12},"end":{"line":21,"column":13}},"type":"if","locations":[{"start":{"line":19,"column":12},"end":{"line":21,"column":13}},{"start":{},"end":{}}],"line":19}},"s":{"0":1,"1":1,"2":2,"3":2,"4":2,"5":0,"6":1,"7":1,"8":1,"9":0,"10":1,"11":0,"12":1},"f":{"0":2,"1":1},"b":{"0":[0,1]},"_coverageSchema":"1a1c01bbd47fc00a2c39e90264f33305004495a9","hash":"bd83f24cfddc69f0fdf752c87bcfd69c0601afc7"}
,"D:\\HCK72\\Phase3\\graded\\Final\\FinalProject-HackFit\\server\\model\\training.js": {"path":"D:\\HCK72\\Phase3\\graded\\Final\\FinalProject-HackFit\\server\\model\\training.js","statementMap":{"0":{"start":{"line":1,"column":21},"end":{"line":1,"column":39}},"1":{"start":{"line":2,"column":17},"end":{"line":2,"column":45}},"2":{"start":{"line":7,"column":6},"end":{"line":29,"column":7}},"3":{"start":{"line":8,"column":20},"end":{"line":21,"column":11}},"4":{"start":{"line":23,"column":24},"end":{"line":23,"column":83}},"5":{"start":{"line":25,"column":11},"end":{"line":25,"column":22}},"6":{"start":{"line":28,"column":8},"end":{"line":28,"column":19}},"7":{"start":{"line":33,"column":6},"end":{"line":66,"column":7}},"8":{"start":{"line":34,"column":20},"end":{"line":58,"column":9}},"9":{"start":{"line":61,"column":21},"end":{"line":61,"column":80}},"10":{"start":{"line":63,"column":8},"end":{"line":63,"column":19}},"11":{"start":{"line":65,"column":8},"end":{"line":65,"column":19}},"12":{"start":{"line":71,"column":6},"end":{"line":76,"column":7}},"13":{"start":{"line":72,"column":28},"end":{"line":72,"column":117}},"14":{"start":{"line":73,"column":8},"end":{"line":73,"column":37}},"15":{"start":{"line":75,"column":8},"end":{"line":75,"column":19}},"16":{"start":{"line":80,"column":6},"end":{"line":85,"column":7}},"17":{"start":{"line":81,"column":23},"end":{"line":81,"column":76}},"18":{"start":{"line":82,"column":8},"end":{"line":82,"column":21}},"19":{"start":{"line":84,"column":8},"end":{"line":84,"column":19}},"20":{"start":{"line":89,"column":6},"end":{"line":100,"column":7}},"21":{"start":{"line":90,"column":30},"end":{"line":90,"column":130}},"22":{"start":{"line":92,"column":8},"end":{"line":94,"column":9}},"23":{"start":{"line":93,"column":10},"end":{"line":93,"column":38}},"24":{"start":{"line":96,"column":23},"end":{"line":96,"column":125}},"25":{"start":{"line":97,"column":8},"end":{"line":97,"column":21}},"26":{"start":{"line":99,"column":8},"end":{"line":99,"column":19}},"27":{"start":{"line":104,"column":6},"end":{"line":126,"column":7}},"28":{"start":{"line":106,"column":20},"end":{"line":119,"column":9}},"29":{"start":{"line":121,"column":21},"end":{"line":121,"column":84}},"30":{"start":{"line":123,"column":8},"end":{"line":123,"column":19}},"31":{"start":{"line":125,"column":8},"end":{"line":125,"column":19}},"32":{"start":{"line":130,"column":6},"end":{"line":144,"column":7}},"33":{"start":{"line":132,"column":24},"end":{"line":132,"column":52}},"34":{"start":{"line":133,"column":24},"end":{"line":133,"column":48}},"35":{"start":{"line":134,"column":26},"end":{"line":134,"column":125}},"36":{"start":{"line":135,"column":8},"end":{"line":137,"column":9}},"37":{"start":{"line":136,"column":10},"end":{"line":136,"column":31}},"38":{"start":{"line":139,"column":21},"end":{"line":139,"column":118}},"39":{"start":{"line":141,"column":8},"end":{"line":141,"column":19}},"40":{"start":{"line":143,"column":8},"end":{"line":143,"column":19}},"41":{"start":{"line":149,"column":0},"end":{"line":149,"column":25}}},"fnMap":{"0":{"name":"(anonymous_0)","decl":{"start":{"line":5,"column":4},"end":{"line":5,"column":5}},"loc":{"start":{"line":5,"column":29},"end":{"line":30,"column":5}},"line":5},"1":{"name":"(anonymous_1)","decl":{"start":{"line":32,"column":4},"end":{"line":32,"column":5}},"loc":{"start":{"line":32,"column":33},"end":{"line":68,"column":5}},"line":32},"2":{"name":"(anonymous_2)","decl":{"start":{"line":70,"column":4},"end":{"line":70,"column":5}},"loc":{"start":{"line":70,"column":32},"end":{"line":77,"column":5}},"line":70},"3":{"name":"(anonymous_3)","decl":{"start":{"line":79,"column":4},"end":{"line":79,"column":5}},"loc":{"start":{"line":79,"column":34},"end":{"line":86,"column":5}},"line":79},"4":{"name":"(anonymous_4)","decl":{"start":{"line":88,"column":4},"end":{"line":88,"column":5}},"loc":{"start":{"line":88,"column":41},"end":{"line":101,"column":5}},"line":88},"5":{"name":"(anonymous_5)","decl":{"start":{"line":103,"column":4},"end":{"line":103,"column":5}},"loc":{"start":{"line":103,"column":32},"end":{"line":127,"column":5}},"line":103},"6":{"name":"(anonymous_6)","decl":{"start":{"line":129,"column":4},"end":{"line":129,"column":5}},"loc":{"start":{"line":129,"column":38},"end":{"line":145,"column":5}},"line":129}},"branchMap":{"0":{"loc":{"start":{"line":92,"column":8},"end":{"line":94,"column":9}},"type":"if","locations":[{"start":{"line":92,"column":8},"end":{"line":94,"column":9}},{"start":{},"end":{}}],"line":92},"1":{"loc":{"start":{"line":135,"column":8},"end":{"line":137,"column":9}},"type":"if","locations":[{"start":{"line":135,"column":8},"end":{"line":137,"column":9}},{"start":{},"end":{}}],"line":135}},"s":{"0":1,"1":1,"2":1,"3":1,"4":1,"5":1,"6":0,"7":2,"8":2,"9":2,"10":2,"11":0,"12":1,"13":1,"14":1,"15":0,"16":1,"17":1,"18":1,"19":0,"20":2,"21":2,"22":2,"23":0,"24":2,"25":2,"26":0,"27":1,"28":1,"29":1,"30":1,"31":0,"32":0,"33":0,"34":0,"35":0,"36":0,"37":0,"38":0,"39":0,"40":0,"41":1},"f":{"0":1,"1":2,"2":1,"3":1,"4":2,"5":1,"6":0},"b":{"0":[0,2],"1":[0,0]},"_coverageSchema":"1a1c01bbd47fc00a2c39e90264f33305004495a9","hash":"473334aef154e07ce7ede6ec560089cbc8cbcb03"}
,"D:\\HCK72\\Phase3\\graded\\Final\\FinalProject-HackFit\\server\\model\\user.js": {"path":"D:\\HCK72\\Phase3\\graded\\Final\\FinalProject-HackFit\\server\\model\\user.js","statementMap":{"0":{"start":{"line":1,"column":15},"end":{"line":1,"column":46}},"1":{"start":{"line":2,"column":17},"end":{"line":2,"column":45}},"2":{"start":{"line":3,"column":22},"end":{"line":3,"column":46}},"3":{"start":{"line":4,"column":16},"end":{"line":4,"column":44}},"4":{"start":{"line":5,"column":21},"end":{"line":5,"column":39}},"5":{"start":{"line":9,"column":4},"end":{"line":14,"column":5}},"6":{"start":{"line":10,"column":19},"end":{"line":10,"column":70}},"7":{"start":{"line":11,"column":6},"end":{"line":11,"column":18}},"8":{"start":{"line":13,"column":6},"end":{"line":13,"column":19}},"9":{"start":{"line":18,"column":4},"end":{"line":73,"column":5}},"10":{"start":{"line":19,"column":6},"end":{"line":21,"column":7}},"11":{"start":{"line":20,"column":8},"end":{"line":20,"column":33}},"12":{"start":{"line":22,"column":6},"end":{"line":24,"column":7}},"13":{"start":{"line":23,"column":8},"end":{"line":23,"column":37}},"14":{"start":{"line":25,"column":6},"end":{"line":27,"column":7}},"15":{"start":{"line":26,"column":8},"end":{"line":26,"column":37}},"16":{"start":{"line":28,"column":26},"end":{"line":28,"column":45}},"17":{"start":{"line":29,"column":6},"end":{"line":31,"column":7}},"18":{"start":{"line":30,"column":8},"end":{"line":30,"column":46}},"19":{"start":{"line":32,"column":26},"end":{"line":34,"column":39}},"20":{"start":{"line":35,"column":6},"end":{"line":37,"column":7}},"21":{"start":{"line":36,"column":8},"end":{"line":36,"column":37}},"22":{"start":{"line":39,"column":6},"end":{"line":41,"column":7}},"23":{"start":{"line":40,"column":8},"end":{"line":40,"column":34}},"24":{"start":{"line":42,"column":6},"end":{"line":44,"column":7}},"25":{"start":{"line":43,"column":8},"end":{"line":43,"column":32}},"26":{"start":{"line":45,"column":6},"end":{"line":47,"column":7}},"27":{"start":{"line":46,"column":8},"end":{"line":46,"column":34}},"28":{"start":{"line":48,"column":6},"end":{"line":50,"column":7}},"29":{"start":{"line":49,"column":8},"end":{"line":49,"column":35}},"30":{"start":{"line":51,"column":6},"end":{"line":53,"column":7}},"31":{"start":{"line":52,"column":8},"end":{"line":52,"column":35}},"32":{"start":{"line":54,"column":6},"end":{"line":56,"column":7}},"33":{"start":{"line":55,"column":8},"end":{"line":55,"column":38}},"34":{"start":{"line":57,"column":6},"end":{"line":59,"column":7}},"35":{"start":{"line":58,"column":8},"end":{"line":58,"column":41}},"36":{"start":{"line":60,"column":6},"end":{"line":63,"column":7}},"37":{"start":{"line":61,"column":19},"end":{"line":61,"column":41}},"38":{"start":{"line":62,"column":8},"end":{"line":62,"column":61}},"39":{"start":{"line":65,"column":6},"end":{"line":65,"column":21}},"40":{"start":{"line":66,"column":6},"end":{"line":66,"column":172}},"41":{"start":{"line":68,"column":19},"end":{"line":68,"column":69}},"42":{"start":{"line":70,"column":6},"end":{"line":70,"column":18}},"43":{"start":{"line":72,"column":6},"end":{"line":72,"column":18}},"44":{"start":{"line":77,"column":4},"end":{"line":100,"column":5}},"45":{"start":{"line":78,"column":6},"end":{"line":78,"column":38}},"46":{"start":{"line":79,"column":19},"end":{"line":79,"column":85}},"47":{"start":{"line":83,"column":6},"end":{"line":85,"column":7}},"48":{"start":{"line":84,"column":8},"end":{"line":84,"column":42}},"49":{"start":{"line":87,"column":20},"end":{"line":87,"column":63}},"50":{"start":{"line":89,"column":6},"end":{"line":91,"column":7}},"51":{"start":{"line":90,"column":8},"end":{"line":90,"column":41}},"52":{"start":{"line":94,"column":25},"end":{"line":94,"column":67}},"53":{"start":{"line":97,"column":6},"end":{"line":97,"column":26}},"54":{"start":{"line":99,"column":6},"end":{"line":99,"column":18}},"55":{"start":{"line":104,"column":4},"end":{"line":112,"column":5}},"56":{"start":{"line":105,"column":21},"end":{"line":105,"column":45}},"57":{"start":{"line":107,"column":19},"end":{"line":107,"column":78}},"58":{"start":{"line":109,"column":6},"end":{"line":109,"column":18}},"59":{"start":{"line":111,"column":6},"end":{"line":111,"column":18}},"60":{"start":{"line":116,"column":4},"end":{"line":124,"column":5}},"61":{"start":{"line":117,"column":21},"end":{"line":117,"column":45}},"62":{"start":{"line":118,"column":19},"end":{"line":120,"column":60}},"63":{"start":{"line":121,"column":6},"end":{"line":121,"column":18}},"64":{"start":{"line":123,"column":6},"end":{"line":123,"column":18}},"65":{"start":{"line":128,"column":4},"end":{"line":136,"column":5}},"66":{"start":{"line":129,"column":21},"end":{"line":129,"column":45}},"67":{"start":{"line":130,"column":19},"end":{"line":132,"column":59}},"68":{"start":{"line":133,"column":6},"end":{"line":133,"column":18}},"69":{"start":{"line":135,"column":6},"end":{"line":135,"column":18}},"70":{"start":{"line":140,"column":4},"end":{"line":151,"column":5}},"71":{"start":{"line":141,"column":21},"end":{"line":141,"column":45}},"72":{"start":{"line":143,"column":6},"end":{"line":143,"column":34}},"73":{"start":{"line":145,"column":21},"end":{"line":147,"column":51}},"74":{"start":{"line":148,"column":6},"end":{"line":148,"column":20}},"75":{"start":{"line":150,"column":6},"end":{"line":150,"column":18}},"76":{"start":{"line":155,"column":4},"end":{"line":184,"column":5}},"77":{"start":{"line":156,"column":21},"end":{"line":156,"column":49}},"78":{"start":{"line":157,"column":25},"end":{"line":157,"column":49}},"79":{"start":{"line":159,"column":28},"end":{"line":159,"column":94}},"80":{"start":{"line":160,"column":6},"end":{"line":162,"column":7}},"81":{"start":{"line":161,"column":8},"end":{"line":161,"column":34}},"82":{"start":{"line":164,"column":24},"end":{"line":164,"column":116}},"83":{"start":{"line":165,"column":6},"end":{"line":167,"column":7}},"84":{"start":{"line":166,"column":8},"end":{"line":166,"column":30}},"85":{"start":{"line":169,"column":20},"end":{"line":175,"column":7}},"86":{"start":{"line":178,"column":19},"end":{"line":178,"column":74}},"87":{"start":{"line":181,"column":6},"end":{"line":181,"column":18}},"88":{"start":{"line":183,"column":6},"end":{"line":183,"column":17}},"89":{"start":{"line":188,"column":0},"end":{"line":188,"column":22}}},"fnMap":{"0":{"name":"(anonymous_0)","decl":{"start":{"line":8,"column":2},"end":{"line":8,"column":3}},"loc":{"start":{"line":8,"column":25},"end":{"line":15,"column":3}},"line":8},"1":{"name":"(anonymous_1)","decl":{"start":{"line":17,"column":2},"end":{"line":17,"column":3}},"loc":{"start":{"line":17,"column":34},"end":{"line":74,"column":3}},"line":17},"2":{"name":"(anonymous_2)","decl":{"start":{"line":76,"column":2},"end":{"line":76,"column":3}},"loc":{"start":{"line":76,"column":45},"end":{"line":101,"column":3}},"line":76},"3":{"name":"(anonymous_3)","decl":{"start":{"line":103,"column":2},"end":{"line":103,"column":3}},"loc":{"start":{"line":103,"column":31},"end":{"line":113,"column":3}},"line":103},"4":{"name":"(anonymous_4)","decl":{"start":{"line":115,"column":2},"end":{"line":115,"column":3}},"loc":{"start":{"line":115,"column":31},"end":{"line":125,"column":3}},"line":115},"5":{"name":"(anonymous_5)","decl":{"start":{"line":127,"column":2},"end":{"line":127,"column":3}},"loc":{"start":{"line":127,"column":35},"end":{"line":137,"column":3}},"line":127},"6":{"name":"(anonymous_6)","decl":{"start":{"line":139,"column":2},"end":{"line":139,"column":3}},"loc":{"start":{"line":139,"column":36},"end":{"line":152,"column":3}},"line":139},"7":{"name":"(anonymous_7)","decl":{"start":{"line":154,"column":2},"end":{"line":154,"column":3}},"loc":{"start":{"line":154,"column":49},"end":{"line":185,"column":3}},"line":154}},"branchMap":{"0":{"loc":{"start":{"line":19,"column":6},"end":{"line":21,"column":7}},"type":"if","locations":[{"start":{"line":19,"column":6},"end":{"line":21,"column":7}},{"start":{},"end":{}}],"line":19},"1":{"loc":{"start":{"line":22,"column":6},"end":{"line":24,"column":7}},"type":"if","locations":[{"start":{"line":22,"column":6},"end":{"line":24,"column":7}},{"start":{},"end":{}}],"line":22},"2":{"loc":{"start":{"line":25,"column":6},"end":{"line":27,"column":7}},"type":"if","locations":[{"start":{"line":25,"column":6},"end":{"line":27,"column":7}},{"start":{},"end":{}}],"line":25},"3":{"loc":{"start":{"line":25,"column":10},"end":{"line":25,"column":47}},"type":"binary-expr","locations":[{"start":{"line":25,"column":10},"end":{"line":25,"column":29}},{"start":{"line":25,"column":33},"end":{"line":25,"column":47}}],"line":25},"4":{"loc":{"start":{"line":29,"column":6},"end":{"line":31,"column":7}},"type":"if","locations":[{"start":{"line":29,"column":6},"end":{"line":31,"column":7}},{"start":{},"end":{}}],"line":29},"5":{"loc":{"start":{"line":35,"column":6},"end":{"line":37,"column":7}},"type":"if","locations":[{"start":{"line":35,"column":6},"end":{"line":37,"column":7}},{"start":{},"end":{}}],"line":35},"6":{"loc":{"start":{"line":39,"column":6},"end":{"line":41,"column":7}},"type":"if","locations":[{"start":{"line":39,"column":6},"end":{"line":41,"column":7}},{"start":{},"end":{}}],"line":39},"7":{"loc":{"start":{"line":42,"column":6},"end":{"line":44,"column":7}},"type":"if","locations":[{"start":{"line":42,"column":6},"end":{"line":44,"column":7}},{"start":{},"end":{}}],"line":42},"8":{"loc":{"start":{"line":42,"column":10},"end":{"line":42,"column":38}},"type":"binary-expr","locations":[{"start":{"line":42,"column":10},"end":{"line":42,"column":25}},{"start":{"line":42,"column":29},"end":{"line":42,"column":38}}],"line":42},"9":{"loc":{"start":{"line":45,"column":6},"end":{"line":47,"column":7}},"type":"if","locations":[{"start":{"line":45,"column":6},"end":{"line":47,"column":7}},{"start":{},"end":{}}],"line":45},"10":{"loc":{"start":{"line":48,"column":6},"end":{"line":50,"column":7}},"type":"if","locations":[{"start":{"line":48,"column":6},"end":{"line":50,"column":7}},{"start":{},"end":{}}],"line":48},"11":{"loc":{"start":{"line":51,"column":6},"end":{"line":53,"column":7}},"type":"if","locations":[{"start":{"line":51,"column":6},"end":{"line":53,"column":7}},{"start":{},"end":{}}],"line":51},"12":{"loc":{"start":{"line":54,"column":6},"end":{"line":56,"column":7}},"type":"if","locations":[{"start":{"line":54,"column":6},"end":{"line":56,"column":7}},{"start":{},"end":{}}],"line":54},"13":{"loc":{"start":{"line":57,"column":6},"end":{"line":59,"column":7}},"type":"if","locations":[{"start":{"line":57,"column":6},"end":{"line":59,"column":7}},{"start":{},"end":{}}],"line":57},"14":{"loc":{"start":{"line":60,"column":6},"end":{"line":63,"column":7}},"type":"if","locations":[{"start":{"line":60,"column":6},"end":{"line":63,"column":7}},{"start":{},"end":{}}],"line":60},"15":{"loc":{"start":{"line":83,"column":6},"end":{"line":85,"column":7}},"type":"if","locations":[{"start":{"line":83,"column":6},"end":{"line":85,"column":7}},{"start":{},"end":{}}],"line":83},"16":{"loc":{"start":{"line":89,"column":6},"end":{"line":91,"column":7}},"type":"if","locations":[{"start":{"line":89,"column":6},"end":{"line":91,"column":7}},{"start":{},"end":{}}],"line":89},"17":{"loc":{"start":{"line":160,"column":6},"end":{"line":162,"column":7}},"type":"if","locations":[{"start":{"line":160,"column":6},"end":{"line":162,"column":7}},{"start":{},"end":{}}],"line":160},"18":{"loc":{"start":{"line":165,"column":6},"end":{"line":167,"column":7}},"type":"if","locations":[{"start":{"line":165,"column":6},"end":{"line":167,"column":7}},{"start":{},"end":{}}],"line":165}},"s":{"0":1,"1":1,"2":1,"3":1,"4":1,"5":1,"6":1,"7":1,"8":0,"9":1,"10":1,"11":0,"12":1,"13":0,"14":1,"15":0,"16":1,"17":1,"18":0,"19":1,"20":1,"21":0,"22":1,"23":0,"24":1,"25":0,"26":1,"27":0,"28":1,"29":0,"30":1,"31":0,"32":1,"33":0,"34":1,"35":0,"36":1,"37":1,"38":1,"39":1,"40":1,"41":1,"42":1,"43":0,"44":14,"45":14,"46":14,"47":14,"48":0,"49":14,"50":14,"51":0,"52":14,"53":14,"54":0,"55":3,"56":3,"57":3,"58":3,"59":0,"60":1,"61":1,"62":1,"63":1,"64":0,"65":0,"66":0,"67":0,"68":0,"69":0,"70":1,"71":1,"72":1,"73":1,"74":1,"75":0,"76":0,"77":0,"78":0,"79":0,"80":0,"81":0,"82":0,"83":0,"84":0,"85":0,"86":0,"87":0,"88":0,"89":1},"f":{"0":1,"1":1,"2":14,"3":3,"4":1,"5":0,"6":1,"7":0},"b":{"0":[0,1],"1":[0,1],"2":[0,1],"3":[1,1],"4":[0,1],"5":[0,1],"6":[0,1],"7":[0,1],"8":[1,1],"9":[0,1],"10":[0,1],"11":[0,1],"12":[0,1],"13":[0,1],"14":[1,0],"15":[0,14],"16":[0,14],"17":[0,0],"18":[0,0]},"_coverageSchema":"1a1c01bbd47fc00a2c39e90264f33305004495a9","hash":"fd2d511d4d743ea28f51fa3cba073943fc44ad78"}
}
