{"D:\\HCK72\\Phase3\\graded\\Final\\FinalProject-HackFit\\server\\app.js": {"path":"D:\\HCK72\\Phase3\\graded\\Final\\FinalProject-HackFit\\server\\app.js","statementMap":{"0":{"start":{"line":1,"column":0},"end":{"line":3,"column":1}},"1":{"start":{"line":2,"column":2},"end":{"line":2,"column":28}},"2":{"start":{"line":5,"column":16},"end":{"line":5,"column":34}},"3":{"start":{"line":6,"column":23},"end":{"line":6,"column":61}},"4":{"start":{"line":7,"column":23},"end":{"line":7,"column":61}},"5":{"start":{"line":8,"column":26},"end":{"line":8,"column":67}},"6":{"start":{"line":9,"column":26},"end":{"line":9,"column":67}},"7":{"start":{"line":10,"column":27},"end":{"line":10,"column":69}},"8":{"start":{"line":12,"column":12},"end":{"line":12,"column":21}},"9":{"start":{"line":13,"column":13},"end":{"line":13,"column":17}},"10":{"start":{"line":17,"column":0},"end":{"line":17,"column":48}},"11":{"start":{"line":18,"column":0},"end":{"line":18,"column":23}},"12":{"start":{"line":20,"column":0},"end":{"line":22,"column":2}},"13":{"start":{"line":21,"column":2},"end":{"line":21,"column":36}},"14":{"start":{"line":24,"column":0},"end":{"line":24,"column":38}},"15":{"start":{"line":25,"column":0},"end":{"line":25,"column":49}},"16":{"start":{"line":27,"column":0},"end":{"line":27,"column":45}},"17":{"start":{"line":28,"column":0},"end":{"line":28,"column":50}},"18":{"start":{"line":29,"column":0},"end":{"line":29,"column":56}},"19":{"start":{"line":30,"column":0},"end":{"line":30,"column":39}},"20":{"start":{"line":31,"column":0},"end":{"line":31,"column":65}},"21":{"start":{"line":34,"column":0},"end":{"line":34,"column":23}},"22":{"start":{"line":36,"column":0},"end":{"line":36,"column":49}},"23":{"start":{"line":37,"column":0},"end":{"line":37,"column":52}},"24":{"start":{"line":38,"column":0},"end":{"line":38,"column":41}},"25":{"start":{"line":39,"column":0},"end":{"line":39,"column":47}},"26":{"start":{"line":40,"column":0},"end":{"line":40,"column":49}},"27":{"start":{"line":42,"column":0},"end":{"line":42,"column":58}},"28":{"start":{"line":44,"column":0},"end":{"line":44,"column":55}},"29":{"start":{"line":45,"column":0},"end":{"line":45,"column":47}},"30":{"start":{"line":54,"column":0},"end":{"line":54,"column":20}}},"fnMap":{"0":{"name":"(anonymous_0)","decl":{"start":{"line":20,"column":13},"end":{"line":20,"column":14}},"loc":{"start":{"line":20,"column":32},"end":{"line":22,"column":1}},"line":20}},"branchMap":{"0":{"loc":{"start":{"line":1,"column":0},"end":{"line":3,"column":1}},"type":"if","locations":[{"start":{"line":1,"column":0},"end":{"line":3,"column":1}},{"start":{},"end":{}}],"line":1}},"s":{"0":1,"1":1,"2":1,"3":1,"4":1,"5":1,"6":1,"7":1,"8":1,"9":1,"10":1,"11":1,"12":1,"13":1,"14":1,"15":1,"16":1,"17":1,"18":1,"19":1,"20":1,"21":1,"22":1,"23":1,"24":1,"25":1,"26":1,"27":1,"28":1,"29":1,"30":1},"f":{"0":1},"b":{"0":[1,0]},"_coverageSchema":"1a1c01bbd47fc00a2c39e90264f33305004495a9","hash":"b3d69613dae00b3f1d547880674109677087ac50"}
,"D:\\HCK72\\Phase3\\graded\\Final\\FinalProject-HackFit\\server\\Controller\\BookingController.js": {"path":"D:\\HCK72\\Phase3\\graded\\Final\\FinalProject-HackFit\\server\\Controller\\BookingController.js","statementMap":{"0":{"start":{"line":1,"column":27},"end":{"line":1,"column":43}},"1":{"start":{"line":2,"column":17},"end":{"line":2,"column":45}},"2":{"start":{"line":3,"column":21},"end":{"line":3,"column":39}},"3":{"start":{"line":7,"column":4},"end":{"line":71,"column":5}},"4":{"start":{"line":9,"column":18},"end":{"line":9,"column":19}},"5":{"start":{"line":10,"column":25},"end":{"line":10,"column":26}},"6":{"start":{"line":11,"column":60},"end":{"line":11,"column":68}},"7":{"start":{"line":12,"column":24},"end":{"line":12,"column":32}},"8":{"start":{"line":15,"column":6},"end":{"line":24,"column":7}},"9":{"start":{"line":17,"column":8},"end":{"line":17,"column":43}},"10":{"start":{"line":18,"column":13},"end":{"line":24,"column":7}},"11":{"start":{"line":19,"column":8},"end":{"line":19,"column":29}},"12":{"start":{"line":20,"column":8},"end":{"line":20,"column":19}},"13":{"start":{"line":21,"column":13},"end":{"line":24,"column":7}},"14":{"start":{"line":22,"column":8},"end":{"line":22,"column":29}},"15":{"start":{"line":23,"column":8},"end":{"line":23,"column":19}},"16":{"start":{"line":26,"column":6},"end":{"line":26,"column":51}},"17":{"start":{"line":28,"column":20},"end":{"line":33,"column":8}},"18":{"start":{"line":37,"column":33},"end":{"line":51,"column":7}},"19":{"start":{"line":54,"column":23},"end":{"line":65,"column":7}},"20":{"start":{"line":68,"column":6},"end":{"line":68,"column":42}},"21":{"start":{"line":70,"column":6},"end":{"line":70,"column":33}},"22":{"start":{"line":74,"column":4},"end":{"line":108,"column":5}},"23":{"start":{"line":75,"column":6},"end":{"line":75,"column":46}},"24":{"start":{"line":76,"column":22},"end":{"line":76,"column":53}},"25":{"start":{"line":77,"column":6},"end":{"line":103,"column":7}},"26":{"start":{"line":81,"column":8},"end":{"line":86,"column":12}},"27":{"start":{"line":87,"column":28},"end":{"line":89,"column":58}},"28":{"start":{"line":90,"column":8},"end":{"line":95,"column":12}},"29":{"start":{"line":97,"column":8},"end":{"line":102,"column":12}},"30":{"start":{"line":105,"column":6},"end":{"line":105,"column":47}},"31":{"start":{"line":107,"column":6},"end":{"line":107,"column":25}},"32":{"start":{"line":111,"column":0},"end":{"line":111,"column":34}}},"fnMap":{"0":{"name":"(anonymous_0)","decl":{"start":{"line":6,"column":2},"end":{"line":6,"column":3}},"loc":{"start":{"line":6,"column":34},"end":{"line":72,"column":3}},"line":6},"1":{"name":"(anonymous_1)","decl":{"start":{"line":73,"column":2},"end":{"line":73,"column":3}},"loc":{"start":{"line":73,"column":38},"end":{"line":109,"column":3}},"line":73}},"branchMap":{"0":{"loc":{"start":{"line":11,"column":37},"end":{"line":11,"column":55}},"type":"default-arg","locations":[{"start":{"line":11,"column":45},"end":{"line":11,"column":55}}],"line":11},"1":{"loc":{"start":{"line":15,"column":6},"end":{"line":24,"column":7}},"type":"if","locations":[{"start":{"line":15,"column":6},"end":{"line":24,"column":7}},{"start":{"line":18,"column":13},"end":{"line":24,"column":7}}],"line":15},"2":{"loc":{"start":{"line":18,"column":13},"end":{"line":24,"column":7}},"type":"if","locations":[{"start":{"line":18,"column":13},"end":{"line":24,"column":7}},{"start":{"line":21,"column":13},"end":{"line":24,"column":7}}],"line":18},"3":{"loc":{"start":{"line":21,"column":13},"end":{"line":24,"column":7}},"type":"if","locations":[{"start":{"line":21,"column":13},"end":{"line":24,"column":7}},{"start":{},"end":{}}],"line":21},"4":{"loc":{"start":{"line":77,"column":6},"end":{"line":103,"column":7}},"type":"if","locations":[{"start":{"line":77,"column":6},"end":{"line":103,"column":7}},{"start":{"line":96,"column":13},"end":{"line":103,"column":7}}],"line":77},"5":{"loc":{"start":{"line":78,"column":8},"end":{"line":79,"column":49}},"type":"binary-expr","locations":[{"start":{"line":78,"column":8},"end":{"line":78,"column":52}},{"start":{"line":79,"column":8},"end":{"line":79,"column":49}}],"line":78}},"s":{"0":1,"1":1,"2":1,"3":0,"4":0,"5":0,"6":0,"7":0,"8":0,"9":0,"10":0,"11":0,"12":0,"13":0,"14":0,"15":0,"16":0,"17":0,"18":0,"19":0,"20":0,"21":0,"22":0,"23":0,"24":0,"25":0,"26":0,"27":0,"28":0,"29":0,"30":0,"31":0,"32":1},"f":{"0":0,"1":0},"b":{"0":[0],"1":[0,0],"2":[0,0],"3":[0,0],"4":[0,0],"5":[0,0]},"_coverageSchema":"1a1c01bbd47fc00a2c39e90264f33305004495a9","hash":"ab27b96ed8ffd497faebacd40efc1f4c3e414958"}
,"D:\\HCK72\\Phase3\\graded\\Final\\FinalProject-HackFit\\server\\Controller\\TrainerController.js": {"path":"D:\\HCK72\\Phase3\\graded\\Final\\FinalProject-HackFit\\server\\Controller\\TrainerController.js","statementMap":{"0":{"start":{"line":1,"column":21},"end":{"line":1,"column":39}},"1":{"start":{"line":2,"column":17},"end":{"line":2,"column":45}},"2":{"start":{"line":3,"column":16},"end":{"line":3,"column":43}},"3":{"start":{"line":7,"column":8},"end":{"line":15,"column":9}},"4":{"start":{"line":8,"column":25},"end":{"line":8,"column":51}},"5":{"start":{"line":12,"column":12},"end":{"line":12,"column":38}},"6":{"start":{"line":14,"column":12},"end":{"line":14,"column":52}},"7":{"start":{"line":19,"column":8},"end":{"line":28,"column":9}},"8":{"start":{"line":20,"column":25},"end":{"line":20,"column":35}},"9":{"start":{"line":21,"column":25},"end":{"line":21,"column":57}},"10":{"start":{"line":23,"column":12},"end":{"line":23,"column":38}},"11":{"start":{"line":26,"column":12},"end":{"line":26,"column":30}},"12":{"start":{"line":27,"column":12},"end":{"line":27,"column":52}},"13":{"start":{"line":32,"column":0},"end":{"line":32,"column":32}}},"fnMap":{"0":{"name":"(anonymous_0)","decl":{"start":{"line":6,"column":4},"end":{"line":6,"column":5}},"loc":{"start":{"line":6,"column":44},"end":{"line":16,"column":5}},"line":6},"1":{"name":"(anonymous_1)","decl":{"start":{"line":18,"column":4},"end":{"line":18,"column":5}},"loc":{"start":{"line":18,"column":40},"end":{"line":29,"column":5}},"line":18}},"branchMap":{},"s":{"0":1,"1":1,"2":1,"3":0,"4":0,"5":0,"6":0,"7":0,"8":0,"9":0,"10":0,"11":0,"12":0,"13":1},"f":{"0":0,"1":0},"b":{},"_coverageSchema":"1a1c01bbd47fc00a2c39e90264f33305004495a9","hash":"400753cf3147fd9f80c3c6b7a0b89ac603d28200"}
,"D:\\HCK72\\Phase3\\graded\\Final\\FinalProject-HackFit\\server\\Controller\\TrainingController.js": {"path":"D:\\HCK72\\Phase3\\graded\\Final\\FinalProject-HackFit\\server\\Controller\\TrainingController.js","statementMap":{"0":{"start":{"line":1,"column":17},"end":{"line":1,"column":45}},"1":{"start":{"line":2,"column":17},"end":{"line":2,"column":45}},"2":{"start":{"line":6,"column":8},"end":{"line":15,"column":9}},"3":{"start":{"line":7,"column":28},"end":{"line":7,"column":36}},"4":{"start":{"line":9,"column":25},"end":{"line":9,"column":55}},"5":{"start":{"line":11,"column":11},"end":{"line":11,"column":37}},"6":{"start":{"line":14,"column":12},"end":{"line":14,"column":39}},"7":{"start":{"line":19,"column":8},"end":{"line":27,"column":9}},"8":{"start":{"line":20,"column":29},"end":{"line":20,"column":37}},"9":{"start":{"line":22,"column":25},"end":{"line":22,"column":59}},"10":{"start":{"line":24,"column":12},"end":{"line":24,"column":38}},"11":{"start":{"line":26,"column":12},"end":{"line":26,"column":39}},"12":{"start":{"line":31,"column":0},"end":{"line":31,"column":33}}},"fnMap":{"0":{"name":"(anonymous_0)","decl":{"start":{"line":5,"column":4},"end":{"line":5,"column":5}},"loc":{"start":{"line":5,"column":37},"end":{"line":16,"column":5}},"line":5},"1":{"name":"(anonymous_1)","decl":{"start":{"line":18,"column":4},"end":{"line":18,"column":5}},"loc":{"start":{"line":18,"column":33},"end":{"line":28,"column":5}},"line":18}},"branchMap":{},"s":{"0":1,"1":1,"2":1,"3":1,"4":1,"5":1,"6":0,"7":1,"8":1,"9":1,"10":1,"11":0,"12":1},"f":{"0":1,"1":1},"b":{},"_coverageSchema":"1a1c01bbd47fc00a2c39e90264f33305004495a9","hash":"ccef8b77a85ae601e20d488f5429e3d353ea8b70"}
,"D:\\HCK72\\Phase3\\graded\\Final\\FinalProject-HackFit\\server\\Controller\\UserController.js": {"path":"D:\\HCK72\\Phase3\\graded\\Final\\FinalProject-HackFit\\server\\Controller\\UserController.js","statementMap":{"0":{"start":{"line":1,"column":21},"end":{"line":1,"column":39}},"1":{"start":{"line":2,"column":17},"end":{"line":2,"column":45}},"2":{"start":{"line":3,"column":16},"end":{"line":3,"column":44}},"3":{"start":{"line":4,"column":22},"end":{"line":4,"column":46}},"4":{"start":{"line":5,"column":15},"end":{"line":5,"column":42}},"5":{"start":{"line":6,"column":15},"end":{"line":6,"column":34}},"6":{"start":{"line":7,"column":13},"end":{"line":7,"column":37}},"7":{"start":{"line":8,"column":16},"end":{"line":8,"column":43}},"8":{"start":{"line":9,"column":17},"end":{"line":9,"column":45}},"9":{"start":{"line":13,"column":17},"end":{"line":13,"column":37}},"10":{"start":{"line":15,"column":4},"end":{"line":15,"column":31}},"11":{"start":{"line":19,"column":17},"end":{"line":19,"column":43}},"12":{"start":{"line":21,"column":4},"end":{"line":21,"column":31}},"13":{"start":{"line":25,"column":4},"end":{"line":34,"column":5}},"14":{"start":{"line":26,"column":24},"end":{"line":26,"column":32}},"15":{"start":{"line":28,"column":19},"end":{"line":28,"column":53}},"16":{"start":{"line":30,"column":6},"end":{"line":30,"column":54}},"17":{"start":{"line":32,"column":6},"end":{"line":32,"column":25}},"18":{"start":{"line":33,"column":6},"end":{"line":33,"column":44}},"19":{"start":{"line":38,"column":4},"end":{"line":98,"column":5}},"20":{"start":{"line":39,"column":19},"end":{"line":39,"column":27}},"21":{"start":{"line":42,"column":6},"end":{"line":44,"column":7}},"22":{"start":{"line":43,"column":8},"end":{"line":43,"column":33}},"23":{"start":{"line":45,"column":6},"end":{"line":47,"column":7}},"24":{"start":{"line":46,"column":8},"end":{"line":46,"column":37}},"25":{"start":{"line":49,"column":26},"end":{"line":49,"column":45}},"26":{"start":{"line":50,"column":6},"end":{"line":52,"column":7}},"27":{"start":{"line":51,"column":8},"end":{"line":51,"column":46}},"28":{"start":{"line":54,"column":26},"end":{"line":56,"column":39}},"29":{"start":{"line":57,"column":6},"end":{"line":59,"column":7}},"30":{"start":{"line":58,"column":8},"end":{"line":58,"column":37}},"31":{"start":{"line":61,"column":6},"end":{"line":63,"column":7}},"32":{"start":{"line":62,"column":8},"end":{"line":62,"column":34}},"33":{"start":{"line":64,"column":6},"end":{"line":66,"column":7}},"34":{"start":{"line":65,"column":8},"end":{"line":65,"column":37}},"35":{"start":{"line":67,"column":6},"end":{"line":69,"column":7}},"36":{"start":{"line":68,"column":8},"end":{"line":68,"column":32}},"37":{"start":{"line":70,"column":6},"end":{"line":72,"column":7}},"38":{"start":{"line":71,"column":8},"end":{"line":71,"column":35}},"39":{"start":{"line":73,"column":6},"end":{"line":75,"column":7}},"40":{"start":{"line":74,"column":8},"end":{"line":74,"column":35}},"41":{"start":{"line":76,"column":6},"end":{"line":78,"column":7}},"42":{"start":{"line":77,"column":8},"end":{"line":77,"column":38}},"43":{"start":{"line":79,"column":6},"end":{"line":81,"column":7}},"44":{"start":{"line":80,"column":8},"end":{"line":80,"column":41}},"45":{"start":{"line":82,"column":6},"end":{"line":84,"column":7}},"46":{"start":{"line":83,"column":8},"end":{"line":83,"column":32}},"47":{"start":{"line":85,"column":6},"end":{"line":87,"column":7}},"48":{"start":{"line":86,"column":8},"end":{"line":86,"column":44}},"49":{"start":{"line":89,"column":17},"end":{"line":89,"column":39}},"50":{"start":{"line":90,"column":6},"end":{"line":90,"column":59}},"51":{"start":{"line":92,"column":19},"end":{"line":92,"column":72}},"52":{"start":{"line":94,"column":6},"end":{"line":94,"column":61}},"53":{"start":{"line":96,"column":6},"end":{"line":96,"column":25}},"54":{"start":{"line":97,"column":6},"end":{"line":97,"column":38}},"55":{"start":{"line":102,"column":4},"end":{"line":140,"column":5}},"56":{"start":{"line":103,"column":19},"end":{"line":103,"column":27}},"57":{"start":{"line":106,"column":6},"end":{"line":108,"column":7}},"58":{"start":{"line":107,"column":8},"end":{"line":107,"column":33}},"59":{"start":{"line":109,"column":6},"end":{"line":111,"column":7}},"60":{"start":{"line":110,"column":8},"end":{"line":110,"column":37}},"61":{"start":{"line":113,"column":26},"end":{"line":113,"column":45}},"62":{"start":{"line":114,"column":6},"end":{"line":116,"column":7}},"63":{"start":{"line":115,"column":8},"end":{"line":115,"column":46}},"64":{"start":{"line":118,"column":26},"end":{"line":120,"column":39}},"65":{"start":{"line":121,"column":6},"end":{"line":123,"column":7}},"66":{"start":{"line":122,"column":8},"end":{"line":122,"column":37}},"67":{"start":{"line":125,"column":6},"end":{"line":127,"column":7}},"68":{"start":{"line":126,"column":8},"end":{"line":126,"column":34}},"69":{"start":{"line":128,"column":6},"end":{"line":130,"column":7}},"70":{"start":{"line":129,"column":8},"end":{"line":129,"column":37}},"71":{"start":{"line":131,"column":17},"end":{"line":131,"column":39}},"72":{"start":{"line":132,"column":6},"end":{"line":132,"column":59}},"73":{"start":{"line":134,"column":19},"end":{"line":134,"column":70}},"74":{"start":{"line":136,"column":6},"end":{"line":136,"column":58}},"75":{"start":{"line":138,"column":6},"end":{"line":138,"column":25}},"76":{"start":{"line":139,"column":6},"end":{"line":139,"column":38}},"77":{"start":{"line":144,"column":4},"end":{"line":153,"column":5}},"78":{"start":{"line":145,"column":35},"end":{"line":145,"column":43}},"79":{"start":{"line":147,"column":27},"end":{"line":147,"column":67}},"80":{"start":{"line":149,"column":6},"end":{"line":149,"column":59}},"81":{"start":{"line":151,"column":6},"end":{"line":151,"column":25}},"82":{"start":{"line":152,"column":6},"end":{"line":152,"column":47}},"83":{"start":{"line":157,"column":4},"end":{"line":165,"column":5}},"84":{"start":{"line":158,"column":25},"end":{"line":158,"column":33}},"85":{"start":{"line":160,"column":19},"end":{"line":160,"column":49}},"86":{"start":{"line":162,"column":6},"end":{"line":162,"column":33}},"87":{"start":{"line":164,"column":6},"end":{"line":164,"column":34}},"88":{"start":{"line":169,"column":4},"end":{"line":221,"column":5}},"89":{"start":{"line":170,"column":63},"end":{"line":170,"column":71}},"90":{"start":{"line":171,"column":25},"end":{"line":171,"column":33}},"91":{"start":{"line":174,"column":23},"end":{"line":174,"column":53}},"92":{"start":{"line":175,"column":6},"end":{"line":175,"column":33}},"93":{"start":{"line":176,"column":6},"end":{"line":181,"column":7}},"94":{"start":{"line":177,"column":8},"end":{"line":177,"column":65}},"95":{"start":{"line":179,"column":11},"end":{"line":181,"column":7}},"96":{"start":{"line":180,"column":8},"end":{"line":180,"column":38}},"97":{"start":{"line":184,"column":6},"end":{"line":186,"column":7}},"98":{"start":{"line":185,"column":8},"end":{"line":185,"column":40}},"99":{"start":{"line":187,"column":6},"end":{"line":189,"column":7}},"100":{"start":{"line":188,"column":8},"end":{"line":188,"column":40}},"101":{"start":{"line":190,"column":6},"end":{"line":192,"column":7}},"102":{"start":{"line":191,"column":8},"end":{"line":191,"column":40}},"103":{"start":{"line":193,"column":6},"end":{"line":195,"column":7}},"104":{"start":{"line":194,"column":8},"end":{"line":194,"column":40}},"105":{"start":{"line":198,"column":27},"end":{"line":198,"column":83}},"106":{"start":{"line":200,"column":23},"end":{"line":200,"column":62}},"107":{"start":{"line":202,"column":19},"end":{"line":202,"column":54}},"108":{"start":{"line":203,"column":6},"end":{"line":203,"column":46}},"109":{"start":{"line":205,"column":30},"end":{"line":205,"column":130}},"110":{"start":{"line":207,"column":6},"end":{"line":207,"column":73}},"111":{"start":{"line":210,"column":6},"end":{"line":210,"column":24}},"112":{"start":{"line":211,"column":6},"end":{"line":219,"column":7}},"113":{"start":{"line":212,"column":8},"end":{"line":212,"column":27}},"114":{"start":{"line":213,"column":8},"end":{"line":213,"column":46}},"115":{"start":{"line":216,"column":27},"end":{"line":216,"column":35}},"116":{"start":{"line":217,"column":8},"end":{"line":217,"column":42}},"117":{"start":{"line":218,"column":8},"end":{"line":218,"column":46}},"118":{"start":{"line":225,"column":4},"end":{"line":235,"column":5}},"119":{"start":{"line":226,"column":25},"end":{"line":226,"column":33}},"120":{"start":{"line":227,"column":19},"end":{"line":227,"column":27}},"121":{"start":{"line":229,"column":19},"end":{"line":229,"column":54}},"122":{"start":{"line":232,"column":6},"end":{"line":232,"column":72}},"123":{"start":{"line":234,"column":6},"end":{"line":234,"column":34}},"124":{"start":{"line":239,"column":0},"end":{"line":239,"column":32}}},"fnMap":{"0":{"name":"(anonymous_0)","decl":{"start":{"line":12,"column":2},"end":{"line":12,"column":3}},"loc":{"start":{"line":12,"column":32},"end":{"line":16,"column":3}},"line":12},"1":{"name":"(anonymous_1)","decl":{"start":{"line":18,"column":2},"end":{"line":18,"column":3}},"loc":{"start":{"line":18,"column":40},"end":{"line":22,"column":3}},"line":18},"2":{"name":"(anonymous_2)","decl":{"start":{"line":24,"column":2},"end":{"line":24,"column":3}},"loc":{"start":{"line":24,"column":34},"end":{"line":35,"column":3}},"line":24},"3":{"name":"(anonymous_3)","decl":{"start":{"line":37,"column":2},"end":{"line":37,"column":3}},"loc":{"start":{"line":37,"column":36},"end":{"line":99,"column":3}},"line":37},"4":{"name":"(anonymous_4)","decl":{"start":{"line":101,"column":2},"end":{"line":101,"column":3}},"loc":{"start":{"line":101,"column":39},"end":{"line":141,"column":3}},"line":101},"5":{"name":"(anonymous_5)","decl":{"start":{"line":143,"column":2},"end":{"line":143,"column":3}},"loc":{"start":{"line":143,"column":31},"end":{"line":154,"column":3}},"line":143},"6":{"name":"(anonymous_6)","decl":{"start":{"line":156,"column":2},"end":{"line":156,"column":3}},"loc":{"start":{"line":156,"column":44},"end":{"line":166,"column":3}},"line":156},"7":{"name":"(anonymous_7)","decl":{"start":{"line":168,"column":2},"end":{"line":168,"column":3}},"loc":{"start":{"line":168,"column":32},"end":{"line":222,"column":3}},"line":168},"8":{"name":"(anonymous_8)","decl":{"start":{"line":224,"column":2},"end":{"line":224,"column":3}},"loc":{"start":{"line":224,"column":36},"end":{"line":236,"column":3}},"line":224}},"branchMap":{"0":{"loc":{"start":{"line":42,"column":6},"end":{"line":44,"column":7}},"type":"if","locations":[{"start":{"line":42,"column":6},"end":{"line":44,"column":7}},{"start":{},"end":{}}],"line":42},"1":{"loc":{"start":{"line":45,"column":6},"end":{"line":47,"column":7}},"type":"if","locations":[{"start":{"line":45,"column":6},"end":{"line":47,"column":7}},{"start":{},"end":{}}],"line":45},"2":{"loc":{"start":{"line":50,"column":6},"end":{"line":52,"column":7}},"type":"if","locations":[{"start":{"line":50,"column":6},"end":{"line":52,"column":7}},{"start":{},"end":{}}],"line":50},"3":{"loc":{"start":{"line":57,"column":6},"end":{"line":59,"column":7}},"type":"if","locations":[{"start":{"line":57,"column":6},"end":{"line":59,"column":7}},{"start":{},"end":{}}],"line":57},"4":{"loc":{"start":{"line":61,"column":6},"end":{"line":63,"column":7}},"type":"if","locations":[{"start":{"line":61,"column":6},"end":{"line":63,"column":7}},{"start":{},"end":{}}],"line":61},"5":{"loc":{"start":{"line":64,"column":6},"end":{"line":66,"column":7}},"type":"if","locations":[{"start":{"line":64,"column":6},"end":{"line":66,"column":7}},{"start":{},"end":{}}],"line":64},"6":{"loc":{"start":{"line":67,"column":6},"end":{"line":69,"column":7}},"type":"if","locations":[{"start":{"line":67,"column":6},"end":{"line":69,"column":7}},{"start":{},"end":{}}],"line":67},"7":{"loc":{"start":{"line":70,"column":6},"end":{"line":72,"column":7}},"type":"if","locations":[{"start":{"line":70,"column":6},"end":{"line":72,"column":7}},{"start":{},"end":{}}],"line":70},"8":{"loc":{"start":{"line":73,"column":6},"end":{"line":75,"column":7}},"type":"if","locations":[{"start":{"line":73,"column":6},"end":{"line":75,"column":7}},{"start":{},"end":{}}],"line":73},"9":{"loc":{"start":{"line":76,"column":6},"end":{"line":78,"column":7}},"type":"if","locations":[{"start":{"line":76,"column":6},"end":{"line":78,"column":7}},{"start":{},"end":{}}],"line":76},"10":{"loc":{"start":{"line":79,"column":6},"end":{"line":81,"column":7}},"type":"if","locations":[{"start":{"line":79,"column":6},"end":{"line":81,"column":7}},{"start":{},"end":{}}],"line":79},"11":{"loc":{"start":{"line":82,"column":6},"end":{"line":84,"column":7}},"type":"if","locations":[{"start":{"line":82,"column":6},"end":{"line":84,"column":7}},{"start":{},"end":{}}],"line":82},"12":{"loc":{"start":{"line":85,"column":6},"end":{"line":87,"column":7}},"type":"if","locations":[{"start":{"line":85,"column":6},"end":{"line":87,"column":7}},{"start":{},"end":{}}],"line":85},"13":{"loc":{"start":{"line":106,"column":6},"end":{"line":108,"column":7}},"type":"if","locations":[{"start":{"line":106,"column":6},"end":{"line":108,"column":7}},{"start":{},"end":{}}],"line":106},"14":{"loc":{"start":{"line":109,"column":6},"end":{"line":111,"column":7}},"type":"if","locations":[{"start":{"line":109,"column":6},"end":{"line":111,"column":7}},{"start":{},"end":{}}],"line":109},"15":{"loc":{"start":{"line":114,"column":6},"end":{"line":116,"column":7}},"type":"if","locations":[{"start":{"line":114,"column":6},"end":{"line":116,"column":7}},{"start":{},"end":{}}],"line":114},"16":{"loc":{"start":{"line":121,"column":6},"end":{"line":123,"column":7}},"type":"if","locations":[{"start":{"line":121,"column":6},"end":{"line":123,"column":7}},{"start":{},"end":{}}],"line":121},"17":{"loc":{"start":{"line":125,"column":6},"end":{"line":127,"column":7}},"type":"if","locations":[{"start":{"line":125,"column":6},"end":{"line":127,"column":7}},{"start":{},"end":{}}],"line":125},"18":{"loc":{"start":{"line":128,"column":6},"end":{"line":130,"column":7}},"type":"if","locations":[{"start":{"line":128,"column":6},"end":{"line":130,"column":7}},{"start":{},"end":{}}],"line":128},"19":{"loc":{"start":{"line":176,"column":6},"end":{"line":181,"column":7}},"type":"if","locations":[{"start":{"line":176,"column":6},"end":{"line":181,"column":7}},{"start":{"line":179,"column":11},"end":{"line":181,"column":7}}],"line":176},"20":{"loc":{"start":{"line":176,"column":10},"end":{"line":176,"column":53}},"type":"binary-expr","locations":[{"start":{"line":176,"column":10},"end":{"line":176,"column":29}},{"start":{"line":176,"column":33},"end":{"line":176,"column":53}}],"line":176},"21":{"loc":{"start":{"line":179,"column":11},"end":{"line":181,"column":7}},"type":"if","locations":[{"start":{"line":179,"column":11},"end":{"line":181,"column":7}},{"start":{},"end":{}}],"line":179},"22":{"loc":{"start":{"line":184,"column":6},"end":{"line":186,"column":7}},"type":"if","locations":[{"start":{"line":184,"column":6},"end":{"line":186,"column":7}},{"start":{},"end":{}}],"line":184},"23":{"loc":{"start":{"line":187,"column":6},"end":{"line":189,"column":7}},"type":"if","locations":[{"start":{"line":187,"column":6},"end":{"line":189,"column":7}},{"start":{},"end":{}}],"line":187},"24":{"loc":{"start":{"line":190,"column":6},"end":{"line":192,"column":7}},"type":"if","locations":[{"start":{"line":190,"column":6},"end":{"line":192,"column":7}},{"start":{},"end":{}}],"line":190},"25":{"loc":{"start":{"line":193,"column":6},"end":{"line":195,"column":7}},"type":"if","locations":[{"start":{"line":193,"column":6},"end":{"line":195,"column":7}},{"start":{},"end":{}}],"line":193},"26":{"loc":{"start":{"line":193,"column":10},"end":{"line":193,"column":32}},"type":"binary-expr","locations":[{"start":{"line":193,"column":10},"end":{"line":193,"column":26}},{"start":{"line":193,"column":30},"end":{"line":193,"column":32}}],"line":193},"27":{"loc":{"start":{"line":211,"column":6},"end":{"line":219,"column":7}},"type":"if","locations":[{"start":{"line":211,"column":6},"end":{"line":219,"column":7}},{"start":{"line":215,"column":10},"end":{"line":219,"column":7}}],"line":211}},"s":{"0":1,"1":1,"2":1,"3":1,"4":1,"5":1,"6":1,"7":1,"8":1,"9":1,"10":1,"11":1,"12":1,"13":1,"14":1,"15":1,"16":1,"17":0,"18":0,"19":1,"20":1,"21":1,"22":0,"23":1,"24":0,"25":1,"26":1,"27":0,"28":1,"29":1,"30":0,"31":1,"32":0,"33":1,"34":0,"35":1,"36":0,"37":1,"38":0,"39":1,"40":0,"41":1,"42":0,"43":1,"44":0,"45":1,"46":0,"47":1,"48":0,"49":1,"50":1,"51":1,"52":1,"53":0,"54":0,"55":1,"56":1,"57":1,"58":0,"59":1,"60":0,"61":1,"62":1,"63":0,"64":1,"65":1,"66":0,"67":1,"68":0,"69":1,"70":0,"71":1,"72":1,"73":1,"74":1,"75":0,"76":0,"77":7,"78":7,"79":7,"80":7,"81":0,"82":0,"83":2,"84":2,"85":2,"86":2,"87":0,"88":0,"89":0,"90":0,"91":0,"92":0,"93":0,"94":0,"95":0,"96":0,"97":0,"98":0,"99":0,"100":0,"101":0,"102":0,"103":0,"104":0,"105":0,"106":0,"107":0,"108":0,"109":0,"110":0,"111":0,"112":0,"113":0,"114":0,"115":0,"116":0,"117":0,"118":1,"119":1,"120":1,"121":1,"122":1,"123":0,"124":1},"f":{"0":1,"1":1,"2":1,"3":1,"4":1,"5":7,"6":2,"7":0,"8":1},"b":{"0":[0,1],"1":[0,1],"2":[0,1],"3":[0,1],"4":[0,1],"5":[0,1],"6":[0,1],"7":[0,1],"8":[0,1],"9":[0,1],"10":[0,1],"11":[0,1],"12":[0,1],"13":[0,1],"14":[0,1],"15":[0,1],"16":[0,1],"17":[0,1],"18":[0,1],"19":[0,0],"20":[0,0],"21":[0,0],"22":[0,0],"23":[0,0],"24":[0,0],"25":[0,0],"26":[0,0],"27":[0,0]},"_coverageSchema":"1a1c01bbd47fc00a2c39e90264f33305004495a9","hash":"23b87b4453810a7d3ea97a9a2d359382dab63566"}
,"D:\\HCK72\\Phase3\\graded\\Final\\FinalProject-HackFit\\server\\config\\mongodb.js": {"path":"D:\\HCK72\\Phase3\\graded\\Final\\FinalProject-HackFit\\server\\config\\mongodb.js","statementMap":{"0":{"start":{"line":1,"column":0},"end":{"line":1,"column":27}},"1":{"start":{"line":2,"column":42},"end":{"line":2,"column":60}},"2":{"start":{"line":3,"column":12},"end":{"line":3,"column":27}},"3":{"start":{"line":7,"column":15},"end":{"line":13,"column":2}},"4":{"start":{"line":15,"column":17},"end":{"line":15,"column":116}},"5":{"start":{"line":17,"column":0},"end":{"line":17,"column":25}}},"fnMap":{},"branchMap":{"0":{"loc":{"start":{"line":15,"column":27},"end":{"line":15,"column":115}},"type":"cond-expr","locations":[{"start":{"line":15,"column":61},"end":{"line":15,"column":89}},{"start":{"line":15,"column":90},"end":{"line":15,"column":115}}],"line":15}},"s":{"0":1,"1":1,"2":1,"3":1,"4":1,"5":1},"f":{},"b":{"0":[1,0]},"_coverageSchema":"1a1c01bbd47fc00a2c39e90264f33305004495a9","hash":"3fb4f89062e76dbf6a7f241a60ff706cf157ebd8"}
,"D:\\HCK72\\Phase3\\graded\\Final\\FinalProject-HackFit\\server\\helper\\isEmail.js": {"path":"D:\\HCK72\\Phase3\\graded\\Final\\FinalProject-HackFit\\server\\helper\\isEmail.js","statementMap":{"0":{"start":{"line":1,"column":16},"end":{"line":7,"column":3}},"1":{"start":{"line":2,"column":4},"end":{"line":6,"column":8}},"2":{"start":{"line":9,"column":2},"end":{"line":9,"column":26}}},"fnMap":{"0":{"name":"(anonymous_0)","decl":{"start":{"line":1,"column":16},"end":{"line":1,"column":17}},"loc":{"start":{"line":1,"column":27},"end":{"line":7,"column":3}},"line":1}},"branchMap":{},"s":{"0":1,"1":3,"2":1},"f":{"0":3},"b":{},"_coverageSchema":"1a1c01bbd47fc00a2c39e90264f33305004495a9","hash":"7bd9d6ce9673a26dfebf7fb9358c3d67377fd444"}
,"D:\\HCK72\\Phase3\\graded\\Final\\FinalProject-HackFit\\server\\helper\\jwt.js": {"path":"D:\\HCK72\\Phase3\\graded\\Final\\FinalProject-HackFit\\server\\helper\\jwt.js","statementMap":{"0":{"start":{"line":1,"column":12},"end":{"line":1,"column":35}},"1":{"start":{"line":2,"column":19},"end":{"line":2,"column":41}},"2":{"start":{"line":6,"column":18},"end":{"line":8,"column":1}},"3":{"start":{"line":7,"column":4},"end":{"line":7,"column":39}},"4":{"start":{"line":9,"column":20},"end":{"line":11,"column":1}},"5":{"start":{"line":10,"column":4},"end":{"line":10,"column":40}},"6":{"start":{"line":12,"column":0},"end":{"line":12,"column":41}}},"fnMap":{"0":{"name":"(anonymous_0)","decl":{"start":{"line":6,"column":18},"end":{"line":6,"column":19}},"loc":{"start":{"line":6,"column":28},"end":{"line":8,"column":1}},"line":6},"1":{"name":"(anonymous_1)","decl":{"start":{"line":9,"column":20},"end":{"line":9,"column":21}},"loc":{"start":{"line":9,"column":29},"end":{"line":11,"column":1}},"line":9}},"branchMap":{},"s":{"0":1,"1":1,"2":1,"3":7,"4":1,"5":6,"6":1},"f":{"0":7,"1":6},"b":{},"_coverageSchema":"1a1c01bbd47fc00a2c39e90264f33305004495a9","hash":"a1c3af6ae8baa4eae79f5f8fa50a3737d153d02d"}
,"D:\\HCK72\\Phase3\\graded\\Final\\FinalProject-HackFit\\server\\helper\\openAi.js": {"path":"D:\\HCK72\\Phase3\\graded\\Final\\FinalProject-HackFit\\server\\helper\\openAi.js","statementMap":{"0":{"start":{"line":1,"column":19},"end":{"line":1,"column":36}},"1":{"start":{"line":2,"column":0},"end":{"line":2,"column":27}},"2":{"start":{"line":4,"column":0},"end":{"line":50,"column":2}},"3":{"start":{"line":5,"column":17},"end":{"line":7,"column":4}},"4":{"start":{"line":8,"column":21},"end":{"line":26,"column":4}},"5":{"start":{"line":29,"column":18},"end":{"line":46,"column":3}},"6":{"start":{"line":47,"column":2},"end":{"line":47,"column":53}},"7":{"start":{"line":49,"column":2},"end":{"line":49,"column":47}}},"fnMap":{"0":{"name":"OpenAi","decl":{"start":{"line":4,"column":32},"end":{"line":4,"column":38}},"loc":{"start":{"line":4,"column":80},"end":{"line":50,"column":1}},"line":4}},"branchMap":{},"s":{"0":1,"1":1,"2":1,"3":0,"4":0,"5":0,"6":0,"7":0},"f":{"0":0},"b":{},"_coverageSchema":"1a1c01bbd47fc00a2c39e90264f33305004495a9","hash":"e55d0cb56c0f1ca181d0f586ccc2843d81336d09"}
,"D:\\HCK72\\Phase3\\graded\\Final\\FinalProject-HackFit\\server\\middleware\\authentication.js": {"path":"D:\\HCK72\\Phase3\\graded\\Final\\FinalProject-HackFit\\server\\middleware\\authentication.js","statementMap":{"0":{"start":{"line":1,"column":21},"end":{"line":1,"column":39}},"1":{"start":{"line":2,"column":17},"end":{"line":2,"column":45}},"2":{"start":{"line":3,"column":24},"end":{"line":3,"column":48}},"3":{"start":{"line":7,"column":4},"end":{"line":51,"column":5}},"4":{"start":{"line":9,"column":29},"end":{"line":9,"column":54}},"5":{"start":{"line":12,"column":8},"end":{"line":14,"column":9}},"6":{"start":{"line":13,"column":12},"end":{"line":13,"column":33}},"7":{"start":{"line":16,"column":31},"end":{"line":16,"column":54}},"8":{"start":{"line":18,"column":8},"end":{"line":20,"column":9}},"9":{"start":{"line":19,"column":12},"end":{"line":19,"column":33}},"10":{"start":{"line":21,"column":22},"end":{"line":21,"column":40}},"11":{"start":{"line":24,"column":8},"end":{"line":26,"column":9}},"12":{"start":{"line":25,"column":12},"end":{"line":25,"column":33}},"13":{"start":{"line":28,"column":19},"end":{"line":28,"column":53}},"14":{"start":{"line":31,"column":21},"end":{"line":31,"column":73}},"15":{"start":{"line":33,"column":8},"end":{"line":33,"column":25}},"16":{"start":{"line":35,"column":8},"end":{"line":37,"column":9}},"17":{"start":{"line":36,"column":12},"end":{"line":36,"column":33}},"18":{"start":{"line":39,"column":8},"end":{"line":43,"column":9}},"19":{"start":{"line":45,"column":8},"end":{"line":45,"column":14}},"20":{"start":{"line":49,"column":8},"end":{"line":49,"column":26}},"21":{"start":{"line":50,"column":8},"end":{"line":50,"column":37}},"22":{"start":{"line":54,"column":0},"end":{"line":54,"column":31}}},"fnMap":{"0":{"name":"authentication","decl":{"start":{"line":6,"column":15},"end":{"line":6,"column":29}},"loc":{"start":{"line":6,"column":44},"end":{"line":52,"column":1}},"line":6}},"branchMap":{"0":{"loc":{"start":{"line":12,"column":8},"end":{"line":14,"column":9}},"type":"if","locations":[{"start":{"line":12,"column":8},"end":{"line":14,"column":9}},{"start":{},"end":{}}],"line":12},"1":{"loc":{"start":{"line":18,"column":8},"end":{"line":20,"column":9}},"type":"if","locations":[{"start":{"line":18,"column":8},"end":{"line":20,"column":9}},{"start":{},"end":{}}],"line":18},"2":{"loc":{"start":{"line":24,"column":8},"end":{"line":26,"column":9}},"type":"if","locations":[{"start":{"line":24,"column":8},"end":{"line":26,"column":9}},{"start":{},"end":{}}],"line":24},"3":{"loc":{"start":{"line":35,"column":8},"end":{"line":37,"column":9}},"type":"if","locations":[{"start":{"line":35,"column":8},"end":{"line":37,"column":9}},{"start":{},"end":{}}],"line":35}},"s":{"0":1,"1":1,"2":1,"3":8,"4":8,"5":8,"6":2,"7":6,"8":6,"9":0,"10":6,"11":5,"12":0,"13":5,"14":5,"15":5,"16":5,"17":0,"18":5,"19":5,"20":3,"21":3,"22":1},"f":{"0":8},"b":{"0":[2,6],"1":[0,6],"2":[0,5],"3":[0,5]},"_coverageSchema":"1a1c01bbd47fc00a2c39e90264f33305004495a9","hash":"ccc7229c03cc4e8c87198a3c733903ac1b6b6662"}
,"D:\\HCK72\\Phase3\\graded\\Final\\FinalProject-HackFit\\server\\model\\trainer.js": {"path":"D:\\HCK72\\Phase3\\graded\\Final\\FinalProject-HackFit\\server\\model\\trainer.js","statementMap":{"0":{"start":{"line":1,"column":21},"end":{"line":1,"column":39}},"1":{"start":{"line":2,"column":17},"end":{"line":2,"column":45}},"2":{"start":{"line":6,"column":8},"end":{"line":12,"column":9}},"3":{"start":{"line":7,"column":25},"end":{"line":7,"column":79}},"4":{"start":{"line":9,"column":12},"end":{"line":9,"column":23}},"5":{"start":{"line":11,"column":12},"end":{"line":11,"column":24}},"6":{"start":{"line":16,"column":8},"end":{"line":26,"column":9}},"7":{"start":{"line":17,"column":25},"end":{"line":17,"column":102}},"8":{"start":{"line":19,"column":12},"end":{"line":21,"column":13}},"9":{"start":{"line":20,"column":16},"end":{"line":20,"column":51}},"10":{"start":{"line":23,"column":12},"end":{"line":23,"column":23}},"11":{"start":{"line":25,"column":12},"end":{"line":25,"column":24}},"12":{"start":{"line":30,"column":0},"end":{"line":30,"column":24}}},"fnMap":{"0":{"name":"(anonymous_0)","decl":{"start":{"line":5,"column":4},"end":{"line":5,"column":5}},"loc":{"start":{"line":5,"column":29},"end":{"line":13,"column":5}},"line":5},"1":{"name":"(anonymous_1)","decl":{"start":{"line":15,"column":4},"end":{"line":15,"column":5}},"loc":{"start":{"line":15,"column":35},"end":{"line":27,"column":5}},"line":15}},"branchMap":{"0":{"loc":{"start":{"line":19,"column":12},"end":{"line":21,"column":13}},"type":"if","locations":[{"start":{"line":19,"column":12},"end":{"line":21,"column":13}},{"start":{},"end":{}}],"line":19}},"s":{"0":1,"1":1,"2":1,"3":1,"4":1,"5":0,"6":0,"7":0,"8":0,"9":0,"10":0,"11":0,"12":1},"f":{"0":1,"1":0},"b":{"0":[0,0]},"_coverageSchema":"1a1c01bbd47fc00a2c39e90264f33305004495a9","hash":"bd83f24cfddc69f0fdf752c87bcfd69c0601afc7"}
,"D:\\HCK72\\Phase3\\graded\\Final\\FinalProject-HackFit\\server\\model\\training.js": {"path":"D:\\HCK72\\Phase3\\graded\\Final\\FinalProject-HackFit\\server\\model\\training.js","statementMap":{"0":{"start":{"line":1,"column":21},"end":{"line":1,"column":39}},"1":{"start":{"line":2,"column":17},"end":{"line":2,"column":45}},"2":{"start":{"line":7,"column":6},"end":{"line":29,"column":7}},"3":{"start":{"line":8,"column":20},"end":{"line":21,"column":11}},"4":{"start":{"line":23,"column":24},"end":{"line":23,"column":83}},"5":{"start":{"line":25,"column":11},"end":{"line":25,"column":22}},"6":{"start":{"line":28,"column":8},"end":{"line":28,"column":19}},"7":{"start":{"line":33,"column":6},"end":{"line":66,"column":7}},"8":{"start":{"line":34,"column":20},"end":{"line":58,"column":9}},"9":{"start":{"line":61,"column":21},"end":{"line":61,"column":80}},"10":{"start":{"line":63,"column":8},"end":{"line":63,"column":19}},"11":{"start":{"line":65,"column":8},"end":{"line":65,"column":19}},"12":{"start":{"line":71,"column":6},"end":{"line":76,"column":7}},"13":{"start":{"line":72,"column":23},"end":{"line":72,"column":76}},"14":{"start":{"line":73,"column":8},"end":{"line":73,"column":21}},"15":{"start":{"line":75,"column":8},"end":{"line":75,"column":19}},"16":{"start":{"line":80,"column":6},"end":{"line":85,"column":7}},"17":{"start":{"line":81,"column":23},"end":{"line":81,"column":79}},"18":{"start":{"line":82,"column":8},"end":{"line":82,"column":21}},"19":{"start":{"line":84,"column":8},"end":{"line":84,"column":19}},"20":{"start":{"line":90,"column":0},"end":{"line":90,"column":25}}},"fnMap":{"0":{"name":"(anonymous_0)","decl":{"start":{"line":5,"column":4},"end":{"line":5,"column":5}},"loc":{"start":{"line":5,"column":29},"end":{"line":30,"column":5}},"line":5},"1":{"name":"(anonymous_1)","decl":{"start":{"line":32,"column":4},"end":{"line":32,"column":5}},"loc":{"start":{"line":32,"column":33},"end":{"line":68,"column":5}},"line":32},"2":{"name":"(anonymous_2)","decl":{"start":{"line":70,"column":4},"end":{"line":70,"column":5}},"loc":{"start":{"line":70,"column":34},"end":{"line":77,"column":5}},"line":70},"3":{"name":"(anonymous_3)","decl":{"start":{"line":79,"column":4},"end":{"line":79,"column":5}},"loc":{"start":{"line":79,"column":41},"end":{"line":86,"column":5}},"line":79}},"branchMap":{},"s":{"0":1,"1":1,"2":1,"3":1,"4":1,"5":1,"6":0,"7":1,"8":1,"9":1,"10":1,"11":0,"12":0,"13":0,"14":0,"15":0,"16":0,"17":0,"18":0,"19":0,"20":1},"f":{"0":1,"1":1,"2":0,"3":0},"b":{},"_coverageSchema":"1a1c01bbd47fc00a2c39e90264f33305004495a9","hash":"eafc0e54bb639e36d092680b089b8e48c130f86c"}
,"D:\\HCK72\\Phase3\\graded\\Final\\FinalProject-HackFit\\server\\model\\user.js": {"path":"D:\\HCK72\\Phase3\\graded\\Final\\FinalProject-HackFit\\server\\model\\user.js","statementMap":{"0":{"start":{"line":1,"column":15},"end":{"line":1,"column":46}},"1":{"start":{"line":2,"column":17},"end":{"line":2,"column":45}},"2":{"start":{"line":3,"column":22},"end":{"line":3,"column":46}},"3":{"start":{"line":4,"column":16},"end":{"line":4,"column":44}},"4":{"start":{"line":5,"column":21},"end":{"line":5,"column":39}},"5":{"start":{"line":9,"column":4},"end":{"line":14,"column":5}},"6":{"start":{"line":10,"column":19},"end":{"line":10,"column":70}},"7":{"start":{"line":11,"column":6},"end":{"line":11,"column":18}},"8":{"start":{"line":13,"column":6},"end":{"line":13,"column":19}},"9":{"start":{"line":18,"column":4},"end":{"line":69,"column":5}},"10":{"start":{"line":19,"column":6},"end":{"line":21,"column":7}},"11":{"start":{"line":20,"column":8},"end":{"line":20,"column":33}},"12":{"start":{"line":22,"column":6},"end":{"line":24,"column":7}},"13":{"start":{"line":23,"column":8},"end":{"line":23,"column":37}},"14":{"start":{"line":25,"column":6},"end":{"line":27,"column":7}},"15":{"start":{"line":26,"column":8},"end":{"line":26,"column":37}},"16":{"start":{"line":28,"column":26},"end":{"line":28,"column":45}},"17":{"start":{"line":29,"column":6},"end":{"line":31,"column":7}},"18":{"start":{"line":30,"column":8},"end":{"line":30,"column":46}},"19":{"start":{"line":32,"column":26},"end":{"line":34,"column":39}},"20":{"start":{"line":35,"column":6},"end":{"line":37,"column":7}},"21":{"start":{"line":36,"column":8},"end":{"line":36,"column":37}},"22":{"start":{"line":39,"column":6},"end":{"line":41,"column":7}},"23":{"start":{"line":40,"column":8},"end":{"line":40,"column":34}},"24":{"start":{"line":42,"column":6},"end":{"line":44,"column":7}},"25":{"start":{"line":43,"column":8},"end":{"line":43,"column":32}},"26":{"start":{"line":45,"column":6},"end":{"line":47,"column":7}},"27":{"start":{"line":46,"column":8},"end":{"line":46,"column":34}},"28":{"start":{"line":48,"column":6},"end":{"line":50,"column":7}},"29":{"start":{"line":49,"column":8},"end":{"line":49,"column":35}},"30":{"start":{"line":51,"column":6},"end":{"line":53,"column":7}},"31":{"start":{"line":52,"column":8},"end":{"line":52,"column":35}},"32":{"start":{"line":54,"column":6},"end":{"line":56,"column":7}},"33":{"start":{"line":55,"column":8},"end":{"line":55,"column":38}},"34":{"start":{"line":57,"column":6},"end":{"line":60,"column":7}},"35":{"start":{"line":58,"column":19},"end":{"line":58,"column":41}},"36":{"start":{"line":59,"column":8},"end":{"line":59,"column":61}},"37":{"start":{"line":62,"column":6},"end":{"line":62,"column":21}},"38":{"start":{"line":64,"column":19},"end":{"line":64,"column":69}},"39":{"start":{"line":66,"column":6},"end":{"line":66,"column":18}},"40":{"start":{"line":68,"column":6},"end":{"line":68,"column":18}},"41":{"start":{"line":73,"column":4},"end":{"line":96,"column":5}},"42":{"start":{"line":74,"column":19},"end":{"line":76,"column":40}},"43":{"start":{"line":79,"column":6},"end":{"line":81,"column":7}},"44":{"start":{"line":80,"column":8},"end":{"line":80,"column":41}},"45":{"start":{"line":83,"column":20},"end":{"line":83,"column":63}},"46":{"start":{"line":85,"column":6},"end":{"line":87,"column":7}},"47":{"start":{"line":86,"column":8},"end":{"line":86,"column":41}},"48":{"start":{"line":90,"column":25},"end":{"line":90,"column":67}},"49":{"start":{"line":93,"column":6},"end":{"line":93,"column":26}},"50":{"start":{"line":95,"column":6},"end":{"line":95,"column":18}},"51":{"start":{"line":100,"column":4},"end":{"line":108,"column":5}},"52":{"start":{"line":101,"column":21},"end":{"line":101,"column":45}},"53":{"start":{"line":103,"column":19},"end":{"line":103,"column":78}},"54":{"start":{"line":105,"column":6},"end":{"line":105,"column":18}},"55":{"start":{"line":107,"column":6},"end":{"line":107,"column":18}},"56":{"start":{"line":112,"column":4},"end":{"line":120,"column":5}},"57":{"start":{"line":113,"column":21},"end":{"line":113,"column":45}},"58":{"start":{"line":114,"column":19},"end":{"line":116,"column":60}},"59":{"start":{"line":117,"column":6},"end":{"line":117,"column":18}},"60":{"start":{"line":119,"column":6},"end":{"line":119,"column":18}},"61":{"start":{"line":124,"column":4},"end":{"line":132,"column":5}},"62":{"start":{"line":125,"column":21},"end":{"line":125,"column":45}},"63":{"start":{"line":126,"column":19},"end":{"line":128,"column":59}},"64":{"start":{"line":129,"column":6},"end":{"line":129,"column":18}},"65":{"start":{"line":131,"column":6},"end":{"line":131,"column":18}},"66":{"start":{"line":136,"column":4},"end":{"line":147,"column":5}},"67":{"start":{"line":137,"column":21},"end":{"line":137,"column":45}},"68":{"start":{"line":139,"column":6},"end":{"line":139,"column":34}},"69":{"start":{"line":141,"column":21},"end":{"line":143,"column":51}},"70":{"start":{"line":144,"column":6},"end":{"line":144,"column":20}},"71":{"start":{"line":146,"column":6},"end":{"line":146,"column":18}},"72":{"start":{"line":151,"column":0},"end":{"line":151,"column":22}}},"fnMap":{"0":{"name":"(anonymous_0)","decl":{"start":{"line":8,"column":2},"end":{"line":8,"column":3}},"loc":{"start":{"line":8,"column":25},"end":{"line":15,"column":3}},"line":8},"1":{"name":"(anonymous_1)","decl":{"start":{"line":17,"column":2},"end":{"line":17,"column":3}},"loc":{"start":{"line":17,"column":34},"end":{"line":70,"column":3}},"line":17},"2":{"name":"(anonymous_2)","decl":{"start":{"line":72,"column":2},"end":{"line":72,"column":3}},"loc":{"start":{"line":72,"column":45},"end":{"line":97,"column":3}},"line":72},"3":{"name":"(anonymous_3)","decl":{"start":{"line":99,"column":2},"end":{"line":99,"column":3}},"loc":{"start":{"line":99,"column":31},"end":{"line":109,"column":3}},"line":99},"4":{"name":"(anonymous_4)","decl":{"start":{"line":111,"column":2},"end":{"line":111,"column":3}},"loc":{"start":{"line":111,"column":31},"end":{"line":121,"column":3}},"line":111},"5":{"name":"(anonymous_5)","decl":{"start":{"line":123,"column":2},"end":{"line":123,"column":3}},"loc":{"start":{"line":123,"column":35},"end":{"line":133,"column":3}},"line":123},"6":{"name":"(anonymous_6)","decl":{"start":{"line":135,"column":2},"end":{"line":135,"column":3}},"loc":{"start":{"line":135,"column":36},"end":{"line":148,"column":3}},"line":135}},"branchMap":{"0":{"loc":{"start":{"line":19,"column":6},"end":{"line":21,"column":7}},"type":"if","locations":[{"start":{"line":19,"column":6},"end":{"line":21,"column":7}},{"start":{},"end":{}}],"line":19},"1":{"loc":{"start":{"line":22,"column":6},"end":{"line":24,"column":7}},"type":"if","locations":[{"start":{"line":22,"column":6},"end":{"line":24,"column":7}},{"start":{},"end":{}}],"line":22},"2":{"loc":{"start":{"line":25,"column":6},"end":{"line":27,"column":7}},"type":"if","locations":[{"start":{"line":25,"column":6},"end":{"line":27,"column":7}},{"start":{},"end":{}}],"line":25},"3":{"loc":{"start":{"line":25,"column":10},"end":{"line":25,"column":47}},"type":"binary-expr","locations":[{"start":{"line":25,"column":10},"end":{"line":25,"column":29}},{"start":{"line":25,"column":33},"end":{"line":25,"column":47}}],"line":25},"4":{"loc":{"start":{"line":29,"column":6},"end":{"line":31,"column":7}},"type":"if","locations":[{"start":{"line":29,"column":6},"end":{"line":31,"column":7}},{"start":{},"end":{}}],"line":29},"5":{"loc":{"start":{"line":35,"column":6},"end":{"line":37,"column":7}},"type":"if","locations":[{"start":{"line":35,"column":6},"end":{"line":37,"column":7}},{"start":{},"end":{}}],"line":35},"6":{"loc":{"start":{"line":39,"column":6},"end":{"line":41,"column":7}},"type":"if","locations":[{"start":{"line":39,"column":6},"end":{"line":41,"column":7}},{"start":{},"end":{}}],"line":39},"7":{"loc":{"start":{"line":42,"column":6},"end":{"line":44,"column":7}},"type":"if","locations":[{"start":{"line":42,"column":6},"end":{"line":44,"column":7}},{"start":{},"end":{}}],"line":42},"8":{"loc":{"start":{"line":42,"column":10},"end":{"line":42,"column":38}},"type":"binary-expr","locations":[{"start":{"line":42,"column":10},"end":{"line":42,"column":25}},{"start":{"line":42,"column":29},"end":{"line":42,"column":38}}],"line":42},"9":{"loc":{"start":{"line":45,"column":6},"end":{"line":47,"column":7}},"type":"if","locations":[{"start":{"line":45,"column":6},"end":{"line":47,"column":7}},{"start":{},"end":{}}],"line":45},"10":{"loc":{"start":{"line":48,"column":6},"end":{"line":50,"column":7}},"type":"if","locations":[{"start":{"line":48,"column":6},"end":{"line":50,"column":7}},{"start":{},"end":{}}],"line":48},"11":{"loc":{"start":{"line":51,"column":6},"end":{"line":53,"column":7}},"type":"if","locations":[{"start":{"line":51,"column":6},"end":{"line":53,"column":7}},{"start":{},"end":{}}],"line":51},"12":{"loc":{"start":{"line":54,"column":6},"end":{"line":56,"column":7}},"type":"if","locations":[{"start":{"line":54,"column":6},"end":{"line":56,"column":7}},{"start":{},"end":{}}],"line":54},"13":{"loc":{"start":{"line":57,"column":6},"end":{"line":60,"column":7}},"type":"if","locations":[{"start":{"line":57,"column":6},"end":{"line":60,"column":7}},{"start":{},"end":{}}],"line":57},"14":{"loc":{"start":{"line":79,"column":6},"end":{"line":81,"column":7}},"type":"if","locations":[{"start":{"line":79,"column":6},"end":{"line":81,"column":7}},{"start":{},"end":{}}],"line":79},"15":{"loc":{"start":{"line":85,"column":6},"end":{"line":87,"column":7}},"type":"if","locations":[{"start":{"line":85,"column":6},"end":{"line":87,"column":7}},{"start":{},"end":{}}],"line":85}},"s":{"0":1,"1":1,"2":1,"3":1,"4":1,"5":1,"6":1,"7":1,"8":0,"9":1,"10":1,"11":0,"12":1,"13":0,"14":1,"15":0,"16":1,"17":1,"18":0,"19":1,"20":1,"21":0,"22":1,"23":0,"24":1,"25":0,"26":1,"27":0,"28":1,"29":0,"30":1,"31":0,"32":1,"33":0,"34":1,"35":1,"36":1,"37":1,"38":1,"39":1,"40":0,"41":7,"42":7,"43":7,"44":0,"45":7,"46":7,"47":0,"48":7,"49":7,"50":0,"51":2,"52":2,"53":2,"54":2,"55":0,"56":0,"57":0,"58":0,"59":0,"60":0,"61":0,"62":0,"63":0,"64":0,"65":0,"66":1,"67":1,"68":1,"69":1,"70":1,"71":0,"72":1},"f":{"0":1,"1":1,"2":7,"3":2,"4":0,"5":0,"6":1},"b":{"0":[0,1],"1":[0,1],"2":[0,1],"3":[1,1],"4":[0,1],"5":[0,1],"6":[0,1],"7":[0,1],"8":[1,1],"9":[0,1],"10":[0,1],"11":[0,1],"12":[0,1],"13":[1,0],"14":[0,7],"15":[0,7]},"_coverageSchema":"1a1c01bbd47fc00a2c39e90264f33305004495a9","hash":"cc8a2cdd7011b78b2e4eb3fd79d328ad879b3b00"}
}
