TN:
SF:app.js
FN:21,(anonymous_0)
FNF:1
FNH:1
FNDA:1,(anonymous_0)
DA:1,1
DA:2,1
DA:5,1
DA:6,1
DA:7,1
DA:8,1
DA:9,1
DA:10,1
DA:11,1
DA:13,1
DA:14,1
DA:18,1
DA:19,1
DA:21,1
DA:22,1
DA:25,1
DA:26,1
DA:28,1
DA:29,1
DA:30,1
DA:31,1
DA:32,1
DA:34,1
DA:35,1
DA:37,1
DA:38,1
DA:39,1
DA:40,1
DA:41,1
DA:42,1
DA:43,1
DA:44,1
DA:45,1
DA:46,1
DA:47,1
DA:48,1
DA:49,1
DA:55,1
LF:38
LH:38
BRDA:1,0,0,1
BRDA:1,0,1,0
BRF:2
BRH:1
end_of_record
TN:
SF:Controller\BookingController.js
FN:6,(anonymous_0)
FN:74,(anonymous_1)
FNF:2
FNH:2
FNDA:3,(anonymous_0)
FNDA:1,(anonymous_1)
DA:1,1
DA:2,1
DA:3,1
DA:7,3
DA:9,3
DA:10,3
DA:11,3
DA:12,3
DA:15,3
DA:17,1
DA:18,2
DA:19,1
DA:20,1
DA:21,1
DA:22,1
DA:23,1
DA:26,3
DA:28,3
DA:37,3
DA:54,3
DA:67,3
DA:69,3
DA:71,0
DA:75,1
DA:76,1
DA:77,1
DA:78,1
DA:82,1
DA:88,1
DA:91,1
DA:99,1
DA:101,0
DA:105,1
LF:33
LH:31
BRDA:11,0,0,3
BRDA:15,1,0,1
BRDA:15,1,1,2
BRDA:18,2,0,1
BRDA:18,2,1,1
BRDA:21,3,0,1
BRDA:21,3,1,0
BRDA:78,4,0,1
BRDA:78,4,1,0
BRDA:79,5,0,1
BRDA:79,5,1,0
BRF:11
BRH:8
end_of_record
TN:
SF:Controller\TrainerController.js
FN:6,(anonymous_0)
FN:18,(anonymous_1)
FNF:2
FNH:2
FNDA:1,(anonymous_0)
FNDA:1,(anonymous_1)
DA:1,1
DA:2,1
DA:3,1
DA:7,1
DA:8,1
DA:12,1
DA:14,0
DA:19,1
DA:20,1
DA:21,1
DA:23,1
DA:26,0
DA:27,0
DA:32,1
LF:14
LH:11
BRF:0
BRH:0
end_of_record
TN:
SF:Controller\TrainingController.js
FN:6,(anonymous_0)
FN:19,(anonymous_1)
FN:31,(anonymous_2)
FN:43,(anonymous_3)
FN:53,(anonymous_4)
FN:66,(anonymous_5)
FNF:6
FNH:5
FNDA:1,(anonymous_0)
FNDA:2,(anonymous_1)
FNDA:1,(anonymous_2)
FNDA:1,(anonymous_3)
FNDA:0,(anonymous_4)
FNDA:2,(anonymous_5)
DA:1,1
DA:2,1
DA:3,1
DA:7,1
DA:8,1
DA:10,1
DA:12,1
DA:15,0
DA:20,2
DA:21,2
DA:23,2
DA:25,2
DA:27,0
DA:32,1
DA:33,1
DA:35,1
DA:37,1
DA:39,0
DA:44,1
DA:45,1
DA:47,1
DA:49,0
DA:54,0
DA:55,0
DA:56,0
DA:58,0
DA:60,0
DA:62,0
DA:67,2
DA:68,2
DA:69,2
DA:71,2
DA:72,2
DA:74,1
DA:76,1
DA:79,1
DA:84,1
LF:37
LH:27
BRF:0
BRH:0
end_of_record
TN:
SF:Controller\UserController.js
FN:12,(anonymous_0)
FN:18,(anonymous_1)
FN:24,(anonymous_2)
FN:37,(anonymous_3)
FN:104,(anonymous_4)
FN:146,(anonymous_5)
FN:159,(anonymous_6)
FN:171,(anonymous_7)
FN:230,(anonymous_8)
FN:244,(anonymous_9)
FNF:10
FNH:9
FNDA:1,(anonymous_0)
FNDA:1,(anonymous_1)
FNDA:1,(anonymous_2)
FNDA:1,(anonymous_3)
FNDA:1,(anonymous_4)
FNDA:14,(anonymous_5)
FNDA:2,(anonymous_6)
FNDA:1,(anonymous_7)
FNDA:1,(anonymous_8)
FNDA:0,(anonymous_9)
DA:1,1
DA:2,1
DA:3,1
DA:4,1
DA:5,1
DA:6,1
DA:7,1
DA:8,1
DA:9,1
DA:13,1
DA:15,1
DA:19,1
DA:21,1
DA:25,1
DA:26,1
DA:28,1
DA:30,1
DA:32,0
DA:33,0
DA:38,1
DA:39,1
DA:42,1
DA:43,0
DA:45,1
DA:46,0
DA:49,1
DA:50,1
DA:51,0
DA:54,1
DA:57,1
DA:58,0
DA:61,1
DA:62,0
DA:64,1
DA:65,0
DA:67,1
DA:68,0
DA:70,1
DA:71,0
DA:73,1
DA:74,0
DA:76,1
DA:77,0
DA:79,1
DA:80,0
DA:82,1
DA:83,0
DA:85,1
DA:86,0
DA:88,1
DA:89,0
DA:92,1
DA:93,1
DA:95,1
DA:97,1
DA:99,0
DA:100,0
DA:105,1
DA:106,1
DA:109,1
DA:110,0
DA:112,1
DA:113,0
DA:116,1
DA:117,1
DA:118,0
DA:121,1
DA:124,1
DA:125,0
DA:128,1
DA:129,0
DA:131,1
DA:132,0
DA:134,1
DA:135,1
DA:137,1
DA:139,1
DA:141,0
DA:142,0
DA:147,14
DA:148,14
DA:150,14
DA:152,14
DA:154,0
DA:155,0
DA:160,2
DA:161,2
DA:163,2
DA:165,2
DA:167,0
DA:172,1
DA:173,1
DA:174,1
DA:177,1
DA:179,1
DA:180,0
DA:182,1
DA:183,1
DA:187,1
DA:188,0
DA:190,1
DA:191,0
DA:193,1
DA:194,0
DA:196,1
DA:197,0
DA:199,1
DA:200,0
DA:204,1
DA:206,1
DA:208,1
DA:211,1
DA:213,1
DA:216,0
DA:217,0
DA:218,0
DA:219,0
DA:222,0
DA:223,0
DA:224,0
DA:231,1
DA:232,1
DA:233,1
DA:235,1
DA:238,1
DA:240,0
DA:245,0
DA:246,0
DA:247,0
DA:250,0
DA:252,0
DA:255,0
DA:260,1
LF:133
LH:84
BRDA:42,0,0,0
BRDA:42,0,1,1
BRDA:45,1,0,0
BRDA:45,1,1,1
BRDA:50,2,0,0
BRDA:50,2,1,1
BRDA:57,3,0,0
BRDA:57,3,1,1
BRDA:61,4,0,0
BRDA:61,4,1,1
BRDA:64,5,0,0
BRDA:64,5,1,1
BRDA:67,6,0,0
BRDA:67,6,1,1
BRDA:70,7,0,0
BRDA:70,7,1,1
BRDA:73,8,0,0
BRDA:73,8,1,1
BRDA:76,9,0,0
BRDA:76,9,1,1
BRDA:79,10,0,0
BRDA:79,10,1,1
BRDA:82,11,0,0
BRDA:82,11,1,1
BRDA:85,12,0,0
BRDA:85,12,1,1
BRDA:88,13,0,0
BRDA:88,13,1,1
BRDA:109,14,0,0
BRDA:109,14,1,1
BRDA:112,15,0,0
BRDA:112,15,1,1
BRDA:117,16,0,0
BRDA:117,16,1,1
BRDA:124,17,0,0
BRDA:124,17,1,1
BRDA:128,18,0,0
BRDA:128,18,1,1
BRDA:131,19,0,0
BRDA:131,19,1,1
BRDA:179,20,0,0
BRDA:179,20,1,1
BRDA:179,21,0,1
BRDA:179,21,1,1
BRDA:182,22,0,1
BRDA:182,22,1,0
BRDA:187,23,0,0
BRDA:187,23,1,1
BRDA:190,24,0,0
BRDA:190,24,1,1
BRDA:193,25,0,0
BRDA:193,25,1,1
BRDA:196,26,0,0
BRDA:196,26,1,1
BRDA:199,27,0,0
BRDA:199,27,1,1
BRDA:217,28,0,0
BRDA:217,28,1,0
BRF:58
BRH:29
end_of_record
TN:
SF:config\mongodb.js
FNF:0
FNH:0
DA:1,1
DA:2,1
DA:3,1
DA:7,1
DA:15,1
DA:17,1
LF:6
LH:6
BRDA:15,0,0,1
BRDA:15,0,1,0
BRF:2
BRH:1
end_of_record
TN:
SF:helper\isEmail.js
FN:1,(anonymous_0)
FNF:1
FNH:1
FNDA:3,(anonymous_0)
DA:1,1
DA:2,3
DA:9,1
LF:3
LH:3
BRF:0
BRH:0
end_of_record
TN:
SF:helper\jwt.js
FN:6,(anonymous_0)
FN:9,(anonymous_1)
FNF:2
FNH:2
FNDA:14,(anonymous_0)
FNDA:17,(anonymous_1)
DA:1,1
DA:2,1
DA:6,1
DA:7,14
DA:9,1
DA:10,17
DA:12,1
LF:7
LH:7
BRF:0
BRH:0
end_of_record
TN:
SF:helper\openAi.js
FN:4,OpenAi
FNF:1
FNH:1
FNDA:1,OpenAi
DA:1,1
DA:2,1
DA:4,1
DA:5,1
DA:8,1
DA:29,1
DA:49,1
LF:7
LH:7
BRF:0
BRH:0
end_of_record
TN:
SF:middleware\authentication.js
FN:6,authentication
FNF:1
FNH:1
FNDA:18,authentication
DA:1,1
DA:2,1
DA:3,1
DA:7,18
DA:9,18
DA:10,18
DA:12,18
DA:13,1
DA:16,17
DA:18,17
DA:19,0
DA:21,17
DA:24,16
DA:25,0
DA:28,16
DA:31,16
DA:35,16
DA:36,0
DA:39,16
DA:45,16
DA:49,2
DA:50,2
DA:54,1
LF:23
LH:20
BRDA:12,0,0,1
BRDA:12,0,1,17
BRDA:18,1,0,0
BRDA:18,1,1,17
BRDA:24,2,0,0
BRDA:24,2,1,16
BRDA:35,3,0,0
BRDA:35,3,1,16
BRF:8
BRH:5
end_of_record
TN:
SF:model\trainer.js
FN:5,(anonymous_0)
FN:15,(anonymous_1)
FNF:2
FNH:2
FNDA:2,(anonymous_0)
FNDA:1,(anonymous_1)
DA:1,1
DA:2,1
DA:6,2
DA:7,2
DA:9,2
DA:11,0
DA:16,1
DA:17,1
DA:19,1
DA:20,0
DA:23,1
DA:25,0
DA:30,1
LF:13
LH:10
BRDA:19,0,0,0
BRDA:19,0,1,1
BRF:2
BRH:1
end_of_record
TN:
SF:model\training.js
FN:5,(anonymous_0)
FN:32,(anonymous_1)
FN:70,(anonymous_2)
FN:79,(anonymous_3)
FN:88,(anonymous_4)
FN:103,(anonymous_5)
FN:129,(anonymous_6)
FNF:7
FNH:6
FNDA:1,(anonymous_0)
FNDA:2,(anonymous_1)
FNDA:1,(anonymous_2)
FNDA:1,(anonymous_3)
FNDA:2,(anonymous_4)
FNDA:1,(anonymous_5)
FNDA:0,(anonymous_6)
DA:1,1
DA:2,1
DA:7,1
DA:8,1
DA:23,1
DA:25,1
DA:28,0
DA:33,2
DA:34,2
DA:61,2
DA:63,2
DA:65,0
DA:71,1
DA:72,1
DA:73,1
DA:75,0
DA:80,1
DA:81,1
DA:82,1
DA:84,0
DA:89,2
DA:90,2
DA:92,2
DA:93,0
DA:96,2
DA:97,2
DA:99,0
DA:104,1
DA:106,1
DA:121,1
DA:123,1
DA:125,0
DA:130,0
DA:132,0
DA:133,0
DA:134,0
DA:135,0
DA:136,0
DA:139,0
DA:141,0
DA:143,0
DA:149,1
LF:42
LH:26
BRDA:92,0,0,0
BRDA:92,0,1,2
BRDA:135,1,0,0
BRDA:135,1,1,0
BRF:4
BRH:1
end_of_record
TN:
SF:model\user.js
FN:8,(anonymous_0)
FN:17,(anonymous_1)
FN:76,(anonymous_2)
FN:103,(anonymous_3)
FN:115,(anonymous_4)
FN:127,(anonymous_5)
FN:139,(anonymous_6)
FN:154,(anonymous_7)
FNF:8
FNH:6
FNDA:1,(anonymous_0)
FNDA:1,(anonymous_1)
FNDA:14,(anonymous_2)
FNDA:3,(anonymous_3)
FNDA:1,(anonymous_4)
FNDA:0,(anonymous_5)
FNDA:1,(anonymous_6)
FNDA:0,(anonymous_7)
DA:1,1
DA:2,1
DA:3,1
DA:4,1
DA:5,1
DA:9,1
DA:10,1
DA:11,1
DA:13,0
DA:18,1
DA:19,1
DA:20,0
DA:22,1
DA:23,0
DA:25,1
DA:26,0
DA:28,1
DA:29,1
DA:30,0
DA:32,1
DA:35,1
DA:36,0
DA:39,1
DA:40,0
DA:42,1
DA:43,0
DA:45,1
DA:46,0
DA:48,1
DA:49,0
DA:51,1
DA:52,0
DA:54,1
DA:55,0
DA:57,1
DA:58,0
DA:60,1
DA:61,1
DA:62,1
DA:65,1
DA:66,1
DA:68,1
DA:70,1
DA:72,0
DA:77,14
DA:78,14
DA:79,14
DA:83,14
DA:84,0
DA:87,14
DA:89,14
DA:90,0
DA:94,14
DA:97,14
DA:99,0
DA:104,3
DA:105,3
DA:107,3
DA:109,3
DA:111,0
DA:116,1
DA:117,1
DA:118,1
DA:121,1
DA:123,0
DA:128,0
DA:129,0
DA:130,0
DA:133,0
DA:135,0
DA:140,1
DA:141,1
DA:143,1
DA:145,1
DA:148,1
DA:150,0
DA:155,0
DA:156,0
DA:157,0
DA:159,0
DA:160,0
DA:161,0
DA:164,0
DA:165,0
DA:166,0
DA:169,0
DA:178,0
DA:181,0
DA:183,0
DA:188,1
LF:90
LH:52
BRDA:19,0,0,0
BRDA:19,0,1,1
BRDA:22,1,0,0
BRDA:22,1,1,1
BRDA:25,2,0,0
BRDA:25,2,1,1
BRDA:25,3,0,1
BRDA:25,3,1,1
BRDA:29,4,0,0
BRDA:29,4,1,1
BRDA:35,5,0,0
BRDA:35,5,1,1
BRDA:39,6,0,0
BRDA:39,6,1,1
BRDA:42,7,0,0
BRDA:42,7,1,1
BRDA:42,8,0,1
BRDA:42,8,1,1
BRDA:45,9,0,0
BRDA:45,9,1,1
BRDA:48,10,0,0
BRDA:48,10,1,1
BRDA:51,11,0,0
BRDA:51,11,1,1
BRDA:54,12,0,0
BRDA:54,12,1,1
BRDA:57,13,0,0
BRDA:57,13,1,1
BRDA:60,14,0,1
BRDA:60,14,1,0
BRDA:83,15,0,0
BRDA:83,15,1,14
BRDA:89,16,0,0
BRDA:89,16,1,14
BRDA:160,17,0,0
BRDA:160,17,1,0
BRDA:165,18,0,0
BRDA:165,18,1,0
BRF:38
BRH:19
end_of_record
